Wed, 10/04/2019 09:59:27 - Genie Search API
Wed, 10/04/2019 09:59:27 - 
Wed, 10/04/2019 09:59:27 - file:/C:/GitHub/genie-search-api/target/test-classes/geniesearchapi.properties
Wed, 10/04/2019 09:59:27 - 
Wed, 10/04/2019 09:59:27 - repo.path = D:/Sourcerer_portable/repositories/test_repo
Wed, 10/04/2019 09:59:27 - database.url = jdbc:mysql://localhost:3306/test_repo
Wed, 10/04/2019 09:59:27 - database.user = root
Wed, 10/04/2019 09:59:27 - database.password = ***
Wed, 10/04/2019 09:59:27 - webserver.url = http://localhost:8080
Wed, 10/04/2019 09:59:27 - 
Wed, 10/04/2019 09:59:27 - Genie Search API
Wed, 10/04/2019 09:59:27 - 
Wed, 10/04/2019 09:59:48 - Genie Search API
Wed, 10/04/2019 09:59:48 - 
Wed, 10/04/2019 09:59:48 - file:/C:/GitHub/genie-search-api/target/test-classes/geniesearchapi.properties
Wed, 10/04/2019 09:59:48 - 
Wed, 10/04/2019 09:59:48 - repo.path = D:/Sourcerer_portable/repositories/test_repo
Wed, 10/04/2019 09:59:48 - database.url = jdbc:mysql://localhost:3306/test_repo
Wed, 10/04/2019 09:59:48 - database.user = root
Wed, 10/04/2019 09:59:48 - database.password = ***
Wed, 10/04/2019 09:59:48 - webserver.url = http://localhost:8080
Wed, 10/04/2019 09:59:48 - 
Wed, 10/04/2019 09:59:48 - Genie Search API
Wed, 10/04/2019 09:59:48 - 
Wed, 10/04/2019 10:06:53 - Genie Search API
Wed, 10/04/2019 10:06:53 - 
Wed, 10/04/2019 10:06:53 - file:/C:/GitHub/genie-search-api/target/test-classes/geniesearchapi.properties
Wed, 10/04/2019 10:06:53 - 
Wed, 10/04/2019 10:06:53 - repo.path = D:/Sourcerer_portable/repositories/test_repo
Wed, 10/04/2019 10:06:53 - database.url = jdbc:mysql://localhost:3306/test_repo
Wed, 10/04/2019 10:06:53 - database.user = root
Wed, 10/04/2019 10:06:53 - database.password = ***
Wed, 10/04/2019 10:06:53 - webserver.url = http://localhost:8080
Wed, 10/04/2019 10:06:53 - 
Wed, 10/04/2019 10:06:53 - Genie Search API
Wed, 10/04/2019 10:06:53 - 
Wed, 10/04/2019 10:10:03 - Genie Search API
Wed, 10/04/2019 10:10:03 - 
Wed, 10/04/2019 10:10:03 - file:/C:/GitHub/genie-search-api/target/test-classes/geniesearchapi.properties
Wed, 10/04/2019 10:10:03 - 
Wed, 10/04/2019 10:10:03 - repo.path = D:/Sourcerer_portable/repositories/test_repo
Wed, 10/04/2019 10:10:03 - database.url = jdbc:mysql://localhost:3306/test_repo
Wed, 10/04/2019 10:10:03 - database.user = root
Wed, 10/04/2019 10:10:03 - database.password = ***
Wed, 10/04/2019 10:10:03 - webserver.url = http://localhost:8080
Wed, 10/04/2019 10:10:03 - 
Wed, 10/04/2019 10:10:03 - Genie Search API
Wed, 10/04/2019 10:10:03 - 
Wed, 10/04/2019 10:12:25 - Genie Search API
Wed, 10/04/2019 10:12:25 - 
Wed, 10/04/2019 10:12:25 - file:/C:/GitHub/genie-search-api/target/test-classes/geniesearchapi.properties
Wed, 10/04/2019 10:12:25 - 
Wed, 10/04/2019 10:12:25 - repo.path = D:\Sourcerer_portable\repositories\test_repo
Wed, 10/04/2019 10:12:25 - database.url = jdbc:mysql://localhost:3306/test_repo
Wed, 10/04/2019 10:12:25 - database.user = root
Wed, 10/04/2019 10:12:25 - database.password = ***
Wed, 10/04/2019 10:12:25 - webserver.url = http://localhost:8080
Wed, 10/04/2019 10:12:25 - 
Wed, 10/04/2019 10:12:25 - Genie Search API
Wed, 10/04/2019 10:12:25 - 
Wed, 10/04/2019 10:12:55 - Genie Search API
Wed, 10/04/2019 10:12:55 - 
Wed, 10/04/2019 10:12:55 - file:/C:/GitHub/genie-search-api/target/test-classes/geniesearchapi.properties
Wed, 10/04/2019 10:12:55 - 
Wed, 10/04/2019 10:12:55 - repo.path = D:\Sourcerer_portable\repositories\test_repo
Wed, 10/04/2019 10:12:55 - database.url = jdbc:mysql://localhost:3306/test_repo
Wed, 10/04/2019 10:12:55 - database.user = root
Wed, 10/04/2019 10:12:55 - database.password = ***
Wed, 10/04/2019 10:12:55 - webserver.url = http://localhost:8080
Wed, 10/04/2019 10:12:55 - 
Wed, 10/04/2019 10:12:55 - Genie Search API
Wed, 10/04/2019 10:12:55 - 
Wed, 10/04/2019 10:13:48 - Genie Search API
Wed, 10/04/2019 10:13:48 - 
Wed, 10/04/2019 10:13:48 - file:/C:/GitHub/genie-search-api/target/test-classes/geniesearchapi.properties
Wed, 10/04/2019 10:13:49 - 
Wed, 10/04/2019 10:13:49 - repo.path = D:\Sourcerer_portable\repositories\test_repo
Wed, 10/04/2019 10:13:49 - database.url = jdbc:mysql://localhost:3306/test_repo
Wed, 10/04/2019 10:13:49 - database.user = root
Wed, 10/04/2019 10:13:49 - database.password = ***
Wed, 10/04/2019 10:13:49 - webserver.url = http://localhost:8080
Wed, 10/04/2019 10:13:49 - 
Wed, 10/04/2019 10:13:49 - Genie Search API
Wed, 10/04/2019 10:13:49 - 
Wed, 10/04/2019 10:14:08 - Genie Search API
Wed, 10/04/2019 10:14:08 - 
Wed, 10/04/2019 10:14:08 - file:/C:/GitHub/genie-search-api/target/test-classes/geniesearchapi.properties
Wed, 10/04/2019 10:14:08 - 
Wed, 10/04/2019 10:14:08 - repo.path = D:\Sourcerer_portable\repositories\test_repo
Wed, 10/04/2019 10:14:08 - database.url = jdbc:mysql://localhost:3306/test_repo
Wed, 10/04/2019 10:14:08 - database.user = root
Wed, 10/04/2019 10:14:08 - database.password = ***
Wed, 10/04/2019 10:14:08 - webserver.url = http://localhost:8080
Wed, 10/04/2019 10:14:08 - 
Wed, 10/04/2019 10:14:08 - Genie Search API
Wed, 10/04/2019 10:14:08 - 
Wed, 10/04/2019 10:18:48 - Genie Search API
Wed, 10/04/2019 10:18:48 - 
Wed, 10/04/2019 10:18:48 - file:/C:/GitHub/genie-search-api/target/test-classes/geniesearchapi.properties
Wed, 10/04/2019 10:18:48 - 
Wed, 10/04/2019 10:18:48 - repo.path = D:\Sourcerer_portable\repositories\test_repo
Wed, 10/04/2019 10:18:48 - database.url = jdbc:mysql://localhost:3306/test_repo
Wed, 10/04/2019 10:18:48 - database.user = root
Wed, 10/04/2019 10:18:48 - database.password = ***
Wed, 10/04/2019 10:18:48 - webserver.url = http://localhost:8080
Wed, 10/04/2019 10:18:48 - 
Wed, 10/04/2019 10:18:48 - Genie Search API
Wed, 10/04/2019 10:18:48 - 
Wed, 10/04/2019 10:19:03 - Genie Search API
Wed, 10/04/2019 10:19:03 - 
Wed, 10/04/2019 10:19:03 - file:/C:/GitHub/genie-search-api/target/test-classes/geniesearchapi.properties
Wed, 10/04/2019 10:19:03 - 
Wed, 10/04/2019 10:19:03 - repo.path = D:\Sourcerer_portable\repositories\test_repo
Wed, 10/04/2019 10:19:03 - database.url = jdbc:mysql://localhost:3306/test_repo
Wed, 10/04/2019 10:19:03 - database.user = root
Wed, 10/04/2019 10:19:03 - database.password = ***
Wed, 10/04/2019 10:19:03 - webserver.url = http://localhost:8080
Wed, 10/04/2019 10:19:03 - 
Wed, 10/04/2019 10:19:03 - Genie Search API
Wed, 10/04/2019 10:19:03 - 
Wed, 10/04/2019 10:20:09 - Genie Search API
Wed, 10/04/2019 10:20:09 - 
Wed, 10/04/2019 10:20:09 - file:/C:/GitHub/genie-search-api/target/test-classes/geniesearchapi.properties
Wed, 10/04/2019 10:20:09 - 
Wed, 10/04/2019 10:20:09 - repo.path = D:\Sourcerer_portable\repositories\test_repo
Wed, 10/04/2019 10:20:09 - database.url = jdbc:mysql://localhost:3306/test_repo
Wed, 10/04/2019 10:20:09 - database.user = root
Wed, 10/04/2019 10:20:09 - database.password = ***
Wed, 10/04/2019 10:20:09 - webserver.url = http://localhost:8080
Wed, 10/04/2019 10:20:09 - 
Wed, 10/04/2019 10:20:09 - Genie Search API
Wed, 10/04/2019 10:20:09 - 
Wed, 10/04/2019 10:21:36 - Genie Search API
Wed, 10/04/2019 10:21:36 - 
Wed, 10/04/2019 10:21:36 - file:/C:/GitHub/genie-search-api/target/test-classes/geniesearchapi.properties
Wed, 10/04/2019 10:21:36 - 
Wed, 10/04/2019 10:21:36 - repo.path = D:\Sourcerer_portable\repositories\test_repo
Wed, 10/04/2019 10:21:36 - database.url = jdbc:mysql://localhost:3306/test_repo
Wed, 10/04/2019 10:21:36 - database.user = root
Wed, 10/04/2019 10:21:36 - database.password = ***
Wed, 10/04/2019 10:21:36 - webserver.url = http://localhost:8080
Wed, 10/04/2019 10:21:36 - 
Wed, 10/04/2019 10:21:36 - Genie Search API
Wed, 10/04/2019 10:21:36 - 
Wed, 10/04/2019 10:23:50 - Genie Search API
Wed, 10/04/2019 10:23:50 - 
Wed, 10/04/2019 10:23:50 - file:/C:/GitHub/genie-search-api/target/test-classes/geniesearchapi.properties
Wed, 10/04/2019 10:23:50 - 
Wed, 10/04/2019 10:23:50 - repo.path = D:\Sourcerer_portable\repositories\test_repo
Wed, 10/04/2019 10:23:50 - database.url = jdbc:mysql://localhost:3306/test_repo
Wed, 10/04/2019 10:23:50 - database.user = root
Wed, 10/04/2019 10:23:50 - database.password = ***
Wed, 10/04/2019 10:23:50 - webserver.url = http://localhost:8080
Wed, 10/04/2019 10:23:50 - 
Wed, 10/04/2019 10:23:50 - Genie Search API
Wed, 10/04/2019 10:23:50 - 
Wed, 10/04/2019 10:45:32 - Genie Search API
Wed, 10/04/2019 10:45:32 - 
Wed, 10/04/2019 10:45:32 - file:/C:/GitHub/genie-search-api/target/test-classes/geniesearchapi.properties
Wed, 10/04/2019 10:45:32 - 
Wed, 10/04/2019 10:45:32 - input-repo = D:\Sourcerer_portable\repositories\test_repo\crawled-projects
Wed, 10/04/2019 10:45:32 - database-url = jdbc:mysql://localhost:3306/test_repo
Wed, 10/04/2019 10:45:32 - database-user = root
Wed, 10/04/2019 10:45:32 - database-password = ***
Wed, 10/04/2019 10:45:32 - webserver-url = null
Wed, 10/04/2019 10:45:32 - 
Wed, 10/04/2019 10:45:32 - Genie Search API
Wed, 10/04/2019 10:45:32 - 
Wed, 10/04/2019 10:45:32 - 
Wed, 10/04/2019 10:45:32 - Solr OFFLINE: null\solr
Wed, 10/04/2019 10:45:32 - 
Wed, 10/04/2019 10:45:59 - Genie Search API
Wed, 10/04/2019 10:45:59 - 
Wed, 10/04/2019 10:45:59 - file:/C:/GitHub/genie-search-api/target/test-classes/geniesearchapi.properties
Wed, 10/04/2019 10:45:59 - 
Wed, 10/04/2019 10:45:59 - input-repo = D:\Sourcerer_portable\repositories\test_repo\crawled-projects
Wed, 10/04/2019 10:45:59 - database-url = jdbc:mysql://localhost:3306/test_repo
Wed, 10/04/2019 10:45:59 - database-user = root
Wed, 10/04/2019 10:45:59 - database-password = ***
Wed, 10/04/2019 10:45:59 - webserver-url = null
Wed, 10/04/2019 10:45:59 - 
Wed, 10/04/2019 10:45:59 - Genie Search API
Wed, 10/04/2019 10:45:59 - 
Wed, 10/04/2019 10:45:59 - 
Wed, 10/04/2019 10:45:59 - Solr OFFLINE: null\solr
Wed, 10/04/2019 10:45:59 - 
Wed, 10/04/2019 10:46:43 - Genie Search API
Wed, 10/04/2019 10:46:43 - 
Wed, 10/04/2019 10:46:43 - file:/C:/GitHub/genie-search-api/target/test-classes/geniesearchapi.properties
Wed, 10/04/2019 10:46:43 - 
Wed, 10/04/2019 10:46:43 - input-repo = D:\Sourcerer_portable\repositories\test_repo\crawled-projects
Wed, 10/04/2019 10:46:43 - database-url = jdbc:mysql://localhost:3306/test_repo
Wed, 10/04/2019 10:46:43 - database-user = root
Wed, 10/04/2019 10:46:43 - database-password = ***
Wed, 10/04/2019 10:46:43 - webserver-url = http://localhost:8080
Wed, 10/04/2019 10:46:43 - 
Wed, 10/04/2019 10:46:43 - Genie Search API
Wed, 10/04/2019 10:46:43 - 
Wed, 10/04/2019 10:47:11 - Genie Search API
Wed, 10/04/2019 10:47:11 - 
Wed, 10/04/2019 10:47:11 - file:/C:/GitHub/genie-search-api/target/test-classes/geniesearchapi.properties
Wed, 10/04/2019 10:47:11 - 
Wed, 10/04/2019 10:47:11 - input-repo = D:\Sourcerer_portable\repositories\test_repo\crawled-projects
Wed, 10/04/2019 10:47:11 - database-url = jdbc:mysql://localhost:3306/test_repo
Wed, 10/04/2019 10:47:11 - database-user = root
Wed, 10/04/2019 10:47:11 - database-password = ***
Wed, 10/04/2019 10:47:11 - webserver-url = http://localhost:8080
Wed, 10/04/2019 10:47:11 - 
Wed, 10/04/2019 10:47:11 - Genie Search API
Wed, 10/04/2019 10:47:11 - 
Wed, 10/04/2019 10:49:51 - Genie Search API
Wed, 10/04/2019 10:49:51 - 
Wed, 10/04/2019 10:50:20 - Genie Search API
Wed, 10/04/2019 10:50:20 - 
Wed, 10/04/2019 10:51:01 - Genie Search API
Wed, 10/04/2019 10:51:01 - 
Wed, 10/04/2019 10:52:02 - Genie Search API
Wed, 10/04/2019 10:52:02 - 
Wed, 10/04/2019 10:52:09 - Genie Search API
Wed, 10/04/2019 10:52:09 - 
Wed, 10/04/2019 10:52:11 - /C:/GitHub/genie-search-api/target/test-classes/geniesearchapi.properties
Wed, 10/04/2019 10:52:14 - 
Wed, 10/04/2019 10:52:14 - input-repo = D:\Sourcerer_portable\repositories\test_repo\crawled-projects
Wed, 10/04/2019 10:52:14 - database-url = jdbc:mysql://localhost:3306/test_repo
Wed, 10/04/2019 10:52:14 - database-user = root
Wed, 10/04/2019 10:52:14 - database-password = ***
Wed, 10/04/2019 10:52:14 - webserver-url = http://localhost:8080
Wed, 10/04/2019 10:52:14 - 
Wed, 10/04/2019 10:52:14 - Genie Search API
Wed, 10/04/2019 10:52:14 - 
Wed, 10/04/2019 10:52:54 - Genie Search API
Wed, 10/04/2019 10:52:54 - 
Wed, 10/04/2019 10:52:54 - /C:/GitHub/genie-search-api/target/test-classes/geniesearchapi.properties
Wed, 10/04/2019 10:52:54 - 
Wed, 10/04/2019 10:52:54 - input-repo = D:\Sourcerer_portable\repositories\test_repo\crawled-projects
Wed, 10/04/2019 10:52:54 - database-url = jdbc:mysql://localhost:3306/test_repo
Wed, 10/04/2019 10:52:54 - database-user = root
Wed, 10/04/2019 10:52:54 - database-password = ***
Wed, 10/04/2019 10:52:54 - webserver-url = http://localhost:8080
Wed, 10/04/2019 10:52:54 - 
Wed, 10/04/2019 10:52:54 - Genie Search API
Wed, 10/04/2019 10:52:54 - 
Wed, 10/04/2019 10:55:37 - Genie Search API
Wed, 10/04/2019 10:55:37 - 
Wed, 10/04/2019 10:55:37 - /C:/GitHub/genie-search-api/target/test-classes/geniesearchapi.properties
Wed, 10/04/2019 10:55:37 - 
Wed, 10/04/2019 10:55:37 - input-repo = D:\Sourcerer_portable\repositories\test_repo\crawled-projects
Wed, 10/04/2019 10:55:37 - database-url = jdbc:mysql://localhost:3306/test_repo
Wed, 10/04/2019 10:55:37 - database-user = root
Wed, 10/04/2019 10:55:37 - database-password = ***
Wed, 10/04/2019 10:55:37 - webserver-url = http://localhost:8080
Wed, 10/04/2019 10:55:37 - 
Wed, 10/04/2019 10:55:37 - Genie Search API
Wed, 10/04/2019 10:55:37 - 
Wed, 10/04/2019 11:05:38 - Genie Search API
Wed, 10/04/2019 11:05:38 - 
Wed, 10/04/2019 11:05:38 - /C:/GitHub/genie-search-api/target/test-classes/geniesearchapi.properties
Wed, 10/04/2019 11:05:38 - 
Wed, 10/04/2019 11:05:38 - input-repo = D:\Sourcerer_portable\repositories\test_repo\crawled-projects
Wed, 10/04/2019 11:05:38 - database-url = jdbc:mysql://localhost:3306/test_repo
Wed, 10/04/2019 11:05:38 - database-user = root
Wed, 10/04/2019 11:05:38 - database-password = ***
Wed, 10/04/2019 11:05:38 - webserver-url = http://localhost:8080
Wed, 10/04/2019 11:05:38 - 
Wed, 10/04/2019 11:05:38 - Genie Search API
Wed, 10/04/2019 11:05:38 - 
Wed, 10/04/2019 11:11:39 - Genie Search API
Wed, 10/04/2019 11:11:39 - 
Wed, 10/04/2019 11:11:39 - /C:/GitHub/genie-search-api/target/test-classes/geniesearchapi.properties
Wed, 10/04/2019 11:11:39 - 
Wed, 10/04/2019 11:11:39 - input-repo = D:\Sourcerer_portable\repositories\test_repo
Wed, 10/04/2019 11:11:39 - database-url = jdbc:mysql://localhost:3306/test_repo
Wed, 10/04/2019 11:11:39 - database-user = root
Wed, 10/04/2019 11:11:39 - database-password = ***
Wed, 10/04/2019 11:11:39 - webserver-url = http://localhost:8080
Wed, 10/04/2019 11:11:39 - 
Wed, 10/04/2019 11:11:39 - Genie Search API
Wed, 10/04/2019 11:11:39 - 
Wed, 10/04/2019 11:19:00 - Genie Search API
Wed, 10/04/2019 11:19:00 - 
Wed, 10/04/2019 11:19:00 - /C:/GitHub/genie-search-api/target/test-classes/geniesearchapi.properties
Wed, 10/04/2019 11:19:00 - 
Wed, 10/04/2019 11:19:00 - input-repo = D:\Sourcerer_portable\repositories\test_repo
Wed, 10/04/2019 11:19:00 - database-url = jdbc:mysql://localhost:3306/test_repo
Wed, 10/04/2019 11:19:00 - database-user = root
Wed, 10/04/2019 11:19:00 - database-password = ***
Wed, 10/04/2019 11:19:00 - webserver-url = http://localhost:8080
Wed, 10/04/2019 11:19:00 - 
Wed, 10/04/2019 11:19:00 - Genie Search API
Wed, 10/04/2019 11:19:00 - 
Wed, 10/04/2019 11:29:57 - Genie Search API
Wed, 10/04/2019 11:29:57 - 
Wed, 10/04/2019 11:29:57 - /C:/GitHub/genie-search-api/target/test-classes/geniesearchapi.properties
Wed, 10/04/2019 11:29:57 - 
Wed, 10/04/2019 11:29:57 - input-repo = D:\Sourcerer_portable\repositories\test_repo
Wed, 10/04/2019 11:29:57 - database-url = jdbc:mysql://localhost:3306/test_repo
Wed, 10/04/2019 11:29:57 - database-user = root
Wed, 10/04/2019 11:29:57 - database-password = ***
Wed, 10/04/2019 11:29:57 - webserver-url = http://localhost:8080
Wed, 10/04/2019 11:29:57 - 
Wed, 10/04/2019 11:29:57 - Genie Search API
Wed, 10/04/2019 11:29:57 - 
Wed, 10/04/2019 11:31:17 - Genie Search API
Wed, 10/04/2019 11:31:17 - 
Wed, 10/04/2019 11:31:17 - /C:/GitHub/genie-search-api/target/test-classes/geniesearchapi.properties
Wed, 10/04/2019 11:31:17 - 
Wed, 10/04/2019 11:31:17 - input-repo = D:\Sourcerer_portable\repositories\test_repo
Wed, 10/04/2019 11:31:17 - database-url = jdbc:mysql://localhost:3306/test_repo
Wed, 10/04/2019 11:31:17 - database-user = root
Wed, 10/04/2019 11:31:17 - database-password = ***
Wed, 10/04/2019 11:31:17 - webserver-url = http://localhost:8080
Wed, 10/04/2019 11:31:17 - 
Wed, 10/04/2019 11:31:17 - Genie Search API
Wed, 10/04/2019 11:31:17 - 
Wed, 10/04/2019 11:40:19 - Genie Search API
Wed, 10/04/2019 11:40:19 - 
Wed, 10/04/2019 11:40:19 - /C:/GitHub/genie-search-api/target/test-classes/geniesearchapi.properties
Wed, 10/04/2019 11:40:19 - 
Wed, 10/04/2019 11:40:19 - input-repo = D:\Sourcerer_portable\repositories\test_repo
Wed, 10/04/2019 11:40:19 - database-url = jdbc:mysql://localhost:3306/test_repo
Wed, 10/04/2019 11:40:19 - database-user = root
Wed, 10/04/2019 11:40:19 - database-password = ***
Wed, 10/04/2019 11:40:19 - webserver-url = http://localhost:8080
Wed, 10/04/2019 11:40:19 - 
Wed, 10/04/2019 11:40:19 - Genie Search API
Wed, 10/04/2019 11:40:19 - 
Wed, 10/04/2019 11:40:46 - Genie Search API
Wed, 10/04/2019 11:40:46 - 
Wed, 10/04/2019 11:40:46 - /C:/GitHub/genie-search-api/target/test-classes/geniesearchapi.properties
Wed, 10/04/2019 11:40:46 - 
Wed, 10/04/2019 11:40:46 - input-repo = D:\Sourcerer_portable\repositories\test_repo
Wed, 10/04/2019 11:40:46 - database-url = jdbc:mysql://localhost:3306/test_repo
Wed, 10/04/2019 11:40:46 - database-user = root
Wed, 10/04/2019 11:40:46 - database-password = ***
Wed, 10/04/2019 11:40:46 - webserver-url = http://localhost:8080
Wed, 10/04/2019 11:40:46 - 
Wed, 10/04/2019 11:40:46 - Genie Search API
Wed, 10/04/2019 11:40:46 - 
Wed, 10/04/2019 12:16:46 - Genie Search API
Wed, 10/04/2019 12:16:46 - 
Wed, 10/04/2019 12:16:46 - /C:/GitHub/genie-search-api/target/test-classes/geniesearchapi.properties
Wed, 10/04/2019 12:16:46 - 
Wed, 10/04/2019 12:16:46 - input-repo = D:\Sourcerer_portable\repositories\test_repo
Wed, 10/04/2019 12:16:46 - database-url = jdbc:mysql://localhost:3306/test_repo
Wed, 10/04/2019 12:16:46 - database-user = root
Wed, 10/04/2019 12:16:46 - database-password = ***
Wed, 10/04/2019 12:16:46 - webserver-url = http://localhost:8080
Wed, 10/04/2019 12:16:46 - 
Wed, 10/04/2019 12:16:46 - Genie Search API
Wed, 10/04/2019 12:16:46 - 
Wed, 10/04/2019 12:17:38 - Genie Search API
Wed, 10/04/2019 12:17:38 - 
Wed, 10/04/2019 12:17:38 - /C:/GitHub/genie-search-api/target/test-classes/geniesearchapi.properties
Wed, 10/04/2019 12:17:38 - 
Wed, 10/04/2019 12:17:38 - input-repo = D:\Sourcerer_portable\repositories\test_repo
Wed, 10/04/2019 12:17:38 - database-url = jdbc:mysql://localhost:3306/test_repo
Wed, 10/04/2019 12:17:38 - database-user = root
Wed, 10/04/2019 12:17:38 - database-password = ***
Wed, 10/04/2019 12:17:38 - webserver-url = http://localhost:8080
Wed, 10/04/2019 12:17:38 - 
Wed, 10/04/2019 12:17:38 - Genie Search API
Wed, 10/04/2019 12:17:38 - 
Wed, 10/04/2019 12:19:26 - Genie Search API
Wed, 10/04/2019 12:19:26 - 
Wed, 10/04/2019 12:19:26 - /C:/GitHub/genie-search-api/target/test-classes/geniesearchapi.properties
Wed, 10/04/2019 12:19:26 - 
Wed, 10/04/2019 12:19:26 - input-repo = D:\Sourcerer_portable\repositories\test_repo
Wed, 10/04/2019 12:19:26 - database-url = jdbc:mysql://localhost:3306/test_repo
Wed, 10/04/2019 12:19:26 - database-user = root
Wed, 10/04/2019 12:19:26 - database-password = ***
Wed, 10/04/2019 12:19:26 - webserver-url = http://localhost:8080
Wed, 10/04/2019 12:19:26 - 
Wed, 10/04/2019 12:19:26 - Genie Search API
Wed, 10/04/2019 12:19:26 - 
Wed, 10/04/2019 12:23:41 - Genie Search API
Wed, 10/04/2019 12:23:41 - 
Wed, 10/04/2019 12:23:41 - /C:/GitHub/genie-search-api/target/test-classes/geniesearchapi.properties
Wed, 10/04/2019 12:23:41 - 
Wed, 10/04/2019 12:23:41 - input-repo = D:\Sourcerer_portable\repositories\test_repo
Wed, 10/04/2019 12:23:41 - database-url = jdbc:mysql://localhost:3306/test_repo
Wed, 10/04/2019 12:23:41 - database-user = root
Wed, 10/04/2019 12:23:41 - database-password = ***
Wed, 10/04/2019 12:23:41 - webserver-url = http://localhost:8080
Wed, 10/04/2019 12:23:41 - 
Wed, 10/04/2019 12:23:41 - Genie Search API
Wed, 10/04/2019 12:23:41 - 
Wed, 10/04/2019 12:24:11 - Genie Search API
Wed, 10/04/2019 12:24:11 - 
Wed, 10/04/2019 12:24:11 - /C:/GitHub/genie-search-api/target/test-classes/geniesearchapi.properties
Wed, 10/04/2019 12:24:11 - 
Wed, 10/04/2019 12:24:11 - input-repo = D:\Sourcerer_portable\repositories\test_repo
Wed, 10/04/2019 12:24:11 - database-url = jdbc:mysql://localhost:3306/test_repo
Wed, 10/04/2019 12:24:11 - database-user = root
Wed, 10/04/2019 12:24:11 - database-password = ***
Wed, 10/04/2019 12:24:11 - webserver-url = http://localhost:8080
Wed, 10/04/2019 12:24:11 - 
Wed, 10/04/2019 12:24:11 - Genie Search API
Wed, 10/04/2019 12:24:11 - 
Wed, 10/04/2019 12:24:40 - Genie Search API
Wed, 10/04/2019 12:24:40 - 
Wed, 10/04/2019 12:24:40 - /C:/GitHub/genie-search-api/target/test-classes/geniesearchapi.properties
Wed, 10/04/2019 12:24:40 - 
Wed, 10/04/2019 12:24:40 - input-repo = D:\Sourcerer_portable\repositories\test_repo
Wed, 10/04/2019 12:24:40 - database-url = jdbc:mysql://localhost:3306/test_repo
Wed, 10/04/2019 12:24:40 - database-user = root
Wed, 10/04/2019 12:24:40 - database-password = ***
Wed, 10/04/2019 12:24:40 - webserver-url = http://localhost:8080
Wed, 10/04/2019 12:24:40 - 
Wed, 10/04/2019 12:24:40 - Genie Search API
Wed, 10/04/2019 12:24:40 - 
Wed, 10/04/2019 12:25:38 - Genie Search API
Wed, 10/04/2019 12:25:38 - 
Wed, 10/04/2019 12:25:38 - /C:/GitHub/genie-search-api/target/test-classes/geniesearchapi.properties
Wed, 10/04/2019 12:25:38 - 
Wed, 10/04/2019 12:25:38 - input-repo = D:\Sourcerer_portable\repositories\test_repo
Wed, 10/04/2019 12:25:38 - database-url = jdbc:mysql://localhost:3306/test_repo
Wed, 10/04/2019 12:25:38 - database-user = root
Wed, 10/04/2019 12:25:38 - database-password = ***
Wed, 10/04/2019 12:25:38 - webserver-url = http://localhost:8080
Wed, 10/04/2019 12:25:38 - 
Wed, 10/04/2019 12:25:38 - Genie Search API
Wed, 10/04/2019 12:25:38 - 
Wed, 10/04/2019 12:26:02 - Genie Search API
Wed, 10/04/2019 12:26:02 - 
Wed, 10/04/2019 12:26:02 - /C:/GitHub/genie-search-api/target/test-classes/geniesearchapi.properties
Wed, 10/04/2019 12:26:02 - 
Wed, 10/04/2019 12:26:02 - input-repo = D:\Sourcerer_portable\repositories\test_repo
Wed, 10/04/2019 12:26:02 - database-url = jdbc:mysql://localhost:3306/test_repo
Wed, 10/04/2019 12:26:02 - database-user = root
Wed, 10/04/2019 12:26:02 - database-password = ***
Wed, 10/04/2019 12:26:02 - webserver-url = http://localhost:8080
Wed, 10/04/2019 12:26:02 - 
Wed, 10/04/2019 12:26:02 - Genie Search API
Wed, 10/04/2019 12:26:02 - 
Wed, 10/04/2019 12:26:57 - Genie Search API
Wed, 10/04/2019 12:26:57 - 
Wed, 10/04/2019 12:26:57 - /C:/GitHub/genie-search-api/target/test-classes/geniesearchapi.properties
Wed, 10/04/2019 12:26:57 - 
Wed, 10/04/2019 12:26:57 - input-repo = D:\Sourcerer_portable\repositories\test_repo
Wed, 10/04/2019 12:26:57 - database-url = jdbc:mysql://localhost:3306/test_repo
Wed, 10/04/2019 12:26:57 - database-user = root
Wed, 10/04/2019 12:26:57 - database-password = ***
Wed, 10/04/2019 12:26:57 - webserver-url = http://localhost:8080
Wed, 10/04/2019 12:26:57 - 
Wed, 10/04/2019 12:26:57 - Genie Search API
Wed, 10/04/2019 12:26:57 - 
Wed, 10/04/2019 12:27:30 - Genie Search API
Wed, 10/04/2019 12:27:30 - 
Wed, 10/04/2019 12:27:30 - /C:/GitHub/genie-search-api/target/test-classes/geniesearchapi.properties
Wed, 10/04/2019 12:27:30 - 
Wed, 10/04/2019 12:27:30 - input-repo = D:\Sourcerer_portable\repositories\test_repo
Wed, 10/04/2019 12:27:30 - database-url = jdbc:mysql://localhost:3306/test_repo
Wed, 10/04/2019 12:27:30 - database-user = root
Wed, 10/04/2019 12:27:30 - database-password = ***
Wed, 10/04/2019 12:27:30 - webserver-url = http://localhost:8080
Wed, 10/04/2019 12:27:30 - 
Wed, 10/04/2019 12:27:30 - Genie Search API
Wed, 10/04/2019 12:27:30 - 
Wed, 10/04/2019 12:28:33 - Genie Search API
Wed, 10/04/2019 12:28:33 - 
Wed, 10/04/2019 12:28:33 - /C:/GitHub/genie-search-api/target/test-classes/geniesearchapi.properties
Wed, 10/04/2019 12:28:33 - 
Wed, 10/04/2019 12:28:33 - input-repo = D:\Sourcerer_portable\repositories\test_repo
Wed, 10/04/2019 12:28:33 - database-url = jdbc:mysql://localhost:3306/test_repo
Wed, 10/04/2019 12:28:33 - database-user = root
Wed, 10/04/2019 12:28:33 - database-password = ***
Wed, 10/04/2019 12:28:33 - webserver-url = http://localhost:8080
Wed, 10/04/2019 12:28:33 - 
Wed, 10/04/2019 12:28:33 - Genie Search API
Wed, 10/04/2019 12:28:33 - 
Wed, 10/04/2019 12:45:01 - Genie Search API
Wed, 10/04/2019 12:45:01 - 
Wed, 10/04/2019 12:45:01 - /C:/GitHub/genie-search-api/target/test-classes/geniesearchapi.properties
Wed, 10/04/2019 12:45:01 - 
Wed, 10/04/2019 12:45:01 - input-repo = D:\Sourcerer_portable\repositories\test_repo
Wed, 10/04/2019 12:45:01 - database-url = jdbc:mysql://localhost:3306/test_repo
Wed, 10/04/2019 12:45:01 - database-user = root
Wed, 10/04/2019 12:45:01 - database-password = ***
Wed, 10/04/2019 12:45:01 - webserver-url = http://localhost:8080
Wed, 10/04/2019 12:45:01 - 
Wed, 10/04/2019 12:45:01 - Genie Search API
Wed, 10/04/2019 12:45:01 - 
