Tue, 09/04/2019 10:37:02 - 
Tue, 09/04/2019 10:37:04 - Arquivo não encontrado: file:/C:/GitHub/genie-search-api/target/test-classes//geniesearchapi.properties
Tue, 09/04/2019 10:39:45 - 
Tue, 09/04/2019 10:39:46 - Arquivo não encontrado: file:/C:/GitHub/genie-search-api/target/test-classes//geniesearchapi.properties
Tue, 09/04/2019 10:39:53 - 
Tue, 09/04/2019 10:40:02 - Arquivo não encontrado: file:/C:/GitHub/genie-search-api/target/test-classes//geniesearchapi.properties
Tue, 09/04/2019 10:40:03 - 
Tue, 09/04/2019 10:40:03 - Arquivo não encontrado: file:/C:/GitHub/genie-search-api/target/test-classes//geniesearchapi.properties
Tue, 09/04/2019 10:40:50 - 
Tue, 09/04/2019 10:40:50 - Arquivo não encontrado: file:/C:/GitHub/genie-search-api/target/test-classes/geniesearchapi.properties
Tue, 09/04/2019 10:40:50 - 
Tue, 09/04/2019 10:40:50 - Arquivo não encontrado: file:/C:/GitHub/genie-search-api/target/test-classes/geniesearchapi.properties
Tue, 09/04/2019 10:40:50 - 
Tue, 09/04/2019 10:40:50 - Arquivo não encontrado: file:/C:/GitHub/genie-search-api/target/test-classes/geniesearchapi.properties
Tue, 09/04/2019 10:40:51 - 
Tue, 09/04/2019 10:40:51 - Arquivo não encontrado: file:/C:/GitHub/genie-search-api/target/test-classes/geniesearchapi.properties
Tue, 09/04/2019 10:44:38 - 
Tue, 09/04/2019 10:44:38 - Arquivo não encontrado: file:/C:/GitHub/genie-search-api/target/test-classes/geniesearchapi.properties
Tue, 09/04/2019 10:44:38 - 
 Conteúdo do arquivo:
-- Repository paths
repo.path = D:/Sourcerer_portable/repositories/test_repo
database.url=jdbc:mysql://localhost:3306/test_repo
database.user=root
database.password=123
webserver.url = http://localhost:8080
Tue, 09/04/2019 10:44:38 - 
Tue, 09/04/2019 10:44:38 - Arquivo não encontrado: file:/C:/GitHub/genie-search-api/target/test-classes/geniesearchapi.properties
Tue, 09/04/2019 10:44:38 - 
 Conteúdo do arquivo:
-- Repository paths
repo.path = D:/Sourcerer_portable/repositories/test_repo
database.url=jdbc:mysql://localhost:3306/test_repo
database.user=root
database.password=123
webserver.url = http://localhost:8080
Tue, 09/04/2019 10:44:38 - 
Tue, 09/04/2019 10:44:38 - Arquivo não encontrado: file:/C:/GitHub/genie-search-api/target/test-classes/geniesearchapi.properties
Tue, 09/04/2019 10:44:38 - 
 Conteúdo do arquivo:
-- Repository paths
repo.path = D:/Sourcerer_portable/repositories/test_repo
database.url=jdbc:mysql://localhost:3306/test_repo
database.user=root
database.password=123
webserver.url = http://localhost:8080
Tue, 09/04/2019 10:44:38 - 
Tue, 09/04/2019 10:44:38 - Arquivo não encontrado: file:/C:/GitHub/genie-search-api/target/test-classes/geniesearchapi.properties
Tue, 09/04/2019 10:44:38 - 
 Conteúdo do arquivo:
-- Repository paths
repo.path = D:/Sourcerer_portable/repositories/test_repo
database.url=jdbc:mysql://localhost:3306/test_repo
database.user=root
database.password=123
webserver.url = http://localhost:8080
Tue, 09/04/2019 10:45:18 - 
Tue, 09/04/2019 10:45:19 - Arquivo não encontrado: file:/C:/GitHub/genie-search-api/target/test-classes/geniesearchapi.properties
Tue, 09/04/2019 10:45:19 - 

Conteúdo do arquivo:

-- Repository paths
repo.path = D:/Sourcerer_portable/repositories/test_repo
database.url=jdbc:mysql://localhost:3306/test_repo
database.user=root
database.password=123
webserver.url = http://localhost:8080

Tue, 09/04/2019 10:45:21 - 
Tue, 09/04/2019 10:45:21 - Arquivo não encontrado: file:/C:/GitHub/genie-search-api/target/test-classes/geniesearchapi.properties
Tue, 09/04/2019 10:45:21 - 

Conteúdo do arquivo:

-- Repository paths
repo.path = D:/Sourcerer_portable/repositories/test_repo
database.url=jdbc:mysql://localhost:3306/test_repo
database.user=root
database.password=123
webserver.url = http://localhost:8080

Tue, 09/04/2019 10:45:21 - 
Tue, 09/04/2019 10:45:21 - Arquivo não encontrado: file:/C:/GitHub/genie-search-api/target/test-classes/geniesearchapi.properties
Tue, 09/04/2019 10:45:21 - 

Conteúdo do arquivo:

-- Repository paths
repo.path = D:/Sourcerer_portable/repositories/test_repo
database.url=jdbc:mysql://localhost:3306/test_repo
database.user=root
database.password=123
webserver.url = http://localhost:8080

Tue, 09/04/2019 10:50:55 - 
Tue, 09/04/2019 10:50:55 - Arquivo não encontrado: file:/C:/GitHub/genie-search-api/target/test-classes/geniesearchapi.properties
Tue, 09/04/2019 10:50:55 - 

Conteúdo do arquivo:

-- Repository paths
repo.path = D:/Sourcerer_portable/repositories/test_repo
database.url=jdbc:mysql://localhost:3306/test_repo
database.user=root
database.password=123
webserver.url = http://localhost:8080

Tue, 09/04/2019 10:50:55 - 
Tue, 09/04/2019 10:50:55 - Arquivo não encontrado: file:/C:/GitHub/genie-search-api/target/test-classes/geniesearchapi.properties
Tue, 09/04/2019 10:50:55 - 

Conteúdo do arquivo:

-- Repository paths
repo.path = D:/Sourcerer_portable/repositories/test_repo
database.url=jdbc:mysql://localhost:3306/test_repo
database.user=root
database.password=123
webserver.url = http://localhost:8080

Tue, 09/04/2019 10:50:55 - 
Tue, 09/04/2019 10:50:55 - Arquivo não encontrado: file:/C:/GitHub/genie-search-api/target/test-classes/geniesearchapi.properties
Tue, 09/04/2019 10:50:55 - 

Conteúdo do arquivo:

-- Repository paths
repo.path = D:/Sourcerer_portable/repositories/test_repo
database.url=jdbc:mysql://localhost:3306/test_repo
database.user=root
database.password=123
webserver.url = http://localhost:8080

Tue, 09/04/2019 10:51:37 - 
Tue, 09/04/2019 10:51:37 - Arquivo não encontrado: file:/C:/GitHub/genie-search-api/target/test-classes/geniesearchapi.properties
Tue, 09/04/2019 10:51:37 - 

Conteúdo do arquivo:

-- Repository paths
repo.path = D:/Sourcerer_portable/repositories/test_repo
database.url=jdbc:mysql://localhost:3306/test_repo
database.user=root
database.password=123
webserver.url = http://localhost:8080

Tue, 09/04/2019 10:51:37 - 
Tue, 09/04/2019 10:51:37 - Arquivo não encontrado: file:/C:/GitHub/genie-search-api/target/test-classes/geniesearchapi.properties
Tue, 09/04/2019 10:51:37 - 

Conteúdo do arquivo:

-- Repository paths
repo.path = D:/Sourcerer_portable/repositories/test_repo
database.url=jdbc:mysql://localhost:3306/test_repo
database.user=root
database.password=123
webserver.url = http://localhost:8080

Tue, 09/04/2019 10:51:37 - 
Tue, 09/04/2019 10:51:37 - Arquivo não encontrado: file:/C:/GitHub/genie-search-api/target/test-classes/geniesearchapi.properties
Tue, 09/04/2019 10:51:37 - 

Conteúdo do arquivo:

-- Repository paths
repo.path = D:/Sourcerer_portable/repositories/test_repo
database.url=jdbc:mysql://localhost:3306/test_repo
database.user=root
database.password=123
webserver.url = http://localhost:8080

Tue, 09/04/2019 10:51:37 - 
Tue, 09/04/2019 10:51:37 - Arquivo não encontrado: file:/C:/GitHub/genie-search-api/target/test-classes/geniesearchapi.properties
Tue, 09/04/2019 10:51:37 - 

Conteúdo do arquivo:

-- Repository paths
repo.path = D:/Sourcerer_portable/repositories/test_repo
database.url=jdbc:mysql://localhost:3306/test_repo
database.user=root
database.password=123
webserver.url = http://localhost:8080

Tue, 09/04/2019 10:52:30 - 
Tue, 09/04/2019 10:52:30 - Arquivo não encontrado: file:/C:/GitHub/genie-search-api/target/test-classes/geniesearchapi.properties
Tue, 09/04/2019 10:52:30 - 

Conteúdo do arquivo:

-- Repository paths
repo.path = D:/Sourcerer_portable/repositories/test_repo
database.url=jdbc:mysql://localhost:3306/test_repo
database.user=root
database.password=123
webserver.url = http://localhost:8080

Tue, 09/04/2019 10:52:30 - 
Tue, 09/04/2019 10:52:30 - Arquivo não encontrado: file:/C:/GitHub/genie-search-api/target/test-classes/geniesearchapi.properties
Tue, 09/04/2019 10:52:30 - 

Conteúdo do arquivo:

-- Repository paths
repo.path = D:/Sourcerer_portable/repositories/test_repo
database.url=jdbc:mysql://localhost:3306/test_repo
database.user=root
database.password=123
webserver.url = http://localhost:8080

Tue, 09/04/2019 10:52:30 - 
Tue, 09/04/2019 10:52:30 - Arquivo não encontrado: file:/C:/GitHub/genie-search-api/target/test-classes/geniesearchapi.properties
Tue, 09/04/2019 10:52:30 - 

Conteúdo do arquivo:

-- Repository paths
repo.path = D:/Sourcerer_portable/repositories/test_repo
database.url=jdbc:mysql://localhost:3306/test_repo
database.user=root
database.password=123
webserver.url = http://localhost:8080

Tue, 09/04/2019 10:52:31 - 
Tue, 09/04/2019 10:52:31 - Arquivo não encontrado: file:/C:/GitHub/genie-search-api/target/test-classes/geniesearchapi.properties
Tue, 09/04/2019 10:52:31 - 

Conteúdo do arquivo:

-- Repository paths
repo.path = D:/Sourcerer_portable/repositories/test_repo
database.url=jdbc:mysql://localhost:3306/test_repo
database.user=root
database.password=123
webserver.url = http://localhost:8080

Tue, 09/04/2019 10:52:38 - 
Tue, 09/04/2019 10:52:38 - Arquivo não encontrado: file:/C:/GitHub/genie-search-api/target/test-classes/geniesearchapi.properties
Tue, 09/04/2019 10:52:38 - 

Conteúdo do arquivo:

-- Repository paths
repo.path = D:/Sourcerer_portable/repositories/test_repo
database.url=jdbc:mysql://localhost:3306/test_repo
database.user=root
database.password=123
webserver.url = http://localhost:8080

Tue, 09/04/2019 10:52:38 - 
Tue, 09/04/2019 10:52:38 - Arquivo não encontrado: file:/C:/GitHub/genie-search-api/target/test-classes/geniesearchapi.properties
Tue, 09/04/2019 10:52:38 - 

Conteúdo do arquivo:

-- Repository paths
repo.path = D:/Sourcerer_portable/repositories/test_repo
database.url=jdbc:mysql://localhost:3306/test_repo
database.user=root
database.password=123
webserver.url = http://localhost:8080

Tue, 09/04/2019 10:52:38 - 
Tue, 09/04/2019 10:52:38 - Arquivo não encontrado: file:/C:/GitHub/genie-search-api/target/test-classes/geniesearchapi.properties
Tue, 09/04/2019 10:52:38 - 

Conteúdo do arquivo:

-- Repository paths
repo.path = D:/Sourcerer_portable/repositories/test_repo
database.url=jdbc:mysql://localhost:3306/test_repo
database.user=root
database.password=123
webserver.url = http://localhost:8080

Tue, 09/04/2019 10:52:38 - 
Tue, 09/04/2019 10:52:38 - Arquivo não encontrado: file:/C:/GitHub/genie-search-api/target/test-classes/geniesearchapi.properties
Tue, 09/04/2019 10:52:38 - 

Conteúdo do arquivo:

-- Repository paths
repo.path = D:/Sourcerer_portable/repositories/test_repo
database.url=jdbc:mysql://localhost:3306/test_repo
database.user=root
database.password=123
webserver.url = http://localhost:8080

Tue, 09/04/2019 10:53:20 - 
Tue, 09/04/2019 10:53:20 - Arquivo não encontrado: file:/C:/GitHub/genie-search-api/target/test-classes/geniesearchapi.properties
Tue, 09/04/2019 10:53:20 - 

Conteúdo do arquivo:

-- Repository paths
repo.path = D:/Sourcerer_portable/repositories/test_repo
database.url=jdbc:mysql://localhost:3306/test_repo
database.user=root
database.password=123
webserver.url = http://localhost:8080

Tue, 09/04/2019 10:53:20 - 
Tue, 09/04/2019 10:53:20 - Arquivo não encontrado: file:/C:/GitHub/genie-search-api/target/test-classes/geniesearchapi.properties
Tue, 09/04/2019 10:53:20 - 

Conteúdo do arquivo:

-- Repository paths
repo.path = D:/Sourcerer_portable/repositories/test_repo
database.url=jdbc:mysql://localhost:3306/test_repo
database.user=root
database.password=123
webserver.url = http://localhost:8080

Tue, 09/04/2019 10:53:20 - 
Tue, 09/04/2019 10:53:20 - Arquivo não encontrado: file:/C:/GitHub/genie-search-api/target/test-classes/geniesearchapi.properties
Tue, 09/04/2019 10:53:20 - 

Conteúdo do arquivo:

-- Repository paths
repo.path = D:/Sourcerer_portable/repositories/test_repo
database.url=jdbc:mysql://localhost:3306/test_repo
database.user=root
database.password=123
webserver.url = http://localhost:8080

Tue, 09/04/2019 10:53:21 - 
Tue, 09/04/2019 10:53:21 - Arquivo não encontrado: file:/C:/GitHub/genie-search-api/target/test-classes/geniesearchapi.properties
Tue, 09/04/2019 10:53:21 - 

Conteúdo do arquivo:

-- Repository paths
repo.path = D:/Sourcerer_portable/repositories/test_repo
database.url=jdbc:mysql://localhost:3306/test_repo
database.user=root
database.password=123
webserver.url = http://localhost:8080

Tue, 09/04/2019 11:01:16 - 
Tue, 09/04/2019 11:01:18 - Arquivo não encontrado: file:/C:/GitHub/genie-search-api/target/test-classes/geniesearchapi.properties
Tue, 09/04/2019 11:01:18 - 

Conteúdo do arquivo:

-- Repository paths
repo.path = D:/Sourcerer_portable/repositories/test_repo
database.url=jdbc:mysql://localhost:3306/test_repo
database.user=root
database.password=123
webserver.url = http://localhost:8080

Tue, 09/04/2019 11:02:16 - 
Tue, 09/04/2019 11:02:16 - Arquivo não encontrado: file:/C:/GitHub/genie-search-api/target/test-classes/geniesearchapi.properties
Tue, 09/04/2019 11:02:16 - 

Conteúdo do arquivo:

-- Repository paths
repo.path = D:/Sourcerer_portable/repositories/test_repo
database.url=jdbc:mysql://localhost:3306/test_repo
database.user=root
database.password=123
webserver.url = http://localhost:8080

Tue, 09/04/2019 11:02:20 - 
Tue, 09/04/2019 11:02:20 - Arquivo não encontrado: file:/C:/GitHub/genie-search-api/target/test-classes/geniesearchapi.properties
Tue, 09/04/2019 11:02:20 - 

Conteúdo do arquivo:

-- Repository paths
repo.path = D:/Sourcerer_portable/repositories/test_repo
database.url=jdbc:mysql://localhost:3306/test_repo
database.user=root
database.password=123
webserver.url = http://localhost:8080

Tue, 09/04/2019 11:15:13 - 
Tue, 09/04/2019 11:15:13 - Arquivo não encontrado: file:/C:/GitHub/genie-search-api/target/test-classes//geniesearchapi.properties
Tue, 09/04/2019 11:15:29 - 
Tue, 09/04/2019 11:15:30 - Arquivo não encontrado: file:/C:/GitHub/genie-search-api/target/test-classes/geniesearchapi.properties
Tue, 09/04/2019 11:15:33 - 

Conteúdo do arquivo:

-- Repository paths
repo.path = D:/Sourcerer_portable/repositories/test_repo
database.url=jdbc:mysql://localhost:3306/test_repo
database.user=root
database.password=123
webserver.url = http://localhost:8080

Tue, 09/04/2019 11:15:41 - 
Tue, 09/04/2019 11:15:41 - Arquivo não encontrado: file:/C:/GitHub/genie-search-api/target/test-classes/geniesearchapi.properties
Tue, 09/04/2019 11:15:41 - 

Conteúdo do arquivo:

-- Repository paths
repo.path = D:/Sourcerer_portable/repositories/test_repo
database.url=jdbc:mysql://localhost:3306/test_repo
database.user=root
database.password=123
webserver.url = http://localhost:8080

Tue, 09/04/2019 11:16:13 - 
Tue, 09/04/2019 11:16:13 - Arquivo não encontrado: file:/C:/GitHub/genie-search-api/target/test-classes/geniesearchapi.properties
Tue, 09/04/2019 11:16:13 - 

Conteúdo do arquivo:

-- Repository paths
repo.path = D:/Sourcerer_portable/repositories/test_repo
database.url=jdbc:mysql://localhost:3306/test_repo
database.user=root
database.password=123
webserver.url = http://localhost:8080

Tue, 09/04/2019 11:16:41 - 
Tue, 09/04/2019 11:16:41 - Arquivo não encontrado: file:/C:/GitHub/genie-search-api/target/test-classes/geniesearchapi.properties
Tue, 09/04/2019 11:16:41 - 

Exemplo para o conteúdo do arquivo:

-- Repository paths
repo.path = D:/Sourcerer_portable/repositories/test_repo
database.url=jdbc:mysql://localhost:3306/test_repo
database.user=root
database.password=123
webserver.url = http://localhost:8080

Tue, 09/04/2019 11:22:35 - 
Tue, 09/04/2019 11:22:40 - Solr offine na URL: /solr
Tue, 09/04/2019 11:23:42 - 
Tue, 09/04/2019 11:23:44 - Solr offine na URL: http://localhost:8080/solr
Tue, 09/04/2019 11:23:53 - 
Tue, 09/04/2019 11:24:07 - 
Tue, 09/04/2019 11:24:07 - Solr OFFLINE na URL: http://localhost:8080/solr
Tue, 09/04/2019 11:24:07 - 
Tue, 09/04/2019 11:24:21 - 
Tue, 09/04/2019 11:24:21 - Solr OFFLINE: http://localhost:8080/solr
Tue, 09/04/2019 11:24:21 - 
Tue, 09/04/2019 11:26:33 - 
Tue, 09/04/2019 11:26:33 - Arquivo não encontrado: file:/C:/GitHub/genie-search-api/target/test-classes/geniesearchapi.properties
Tue, 09/04/2019 11:26:33 - 

Exemplo para o conteúdo do arquivo:

-- Repository paths
repo.path = D:/Sourcerer_portable/repositories/test_repo
database.url=jdbc:mysql://localhost:3306/test_repo
database.user=root
database.password=123
webserver.url = http://localhost:8080

Tue, 09/04/2019 11:26:38 - 
Tue, 09/04/2019 11:26:38 - Arquivo não encontrado: file:/C:/GitHub/genie-search-api/target/test-classes/geniesearchapi.properties
Tue, 09/04/2019 11:26:38 - 

Exemplo para o conteúdo do arquivo:

-- Repository paths
repo.path = D:/Sourcerer_portable/repositories/test_repo
database.url=jdbc:mysql://localhost:3306/test_repo
database.user=root
database.password=123
webserver.url = http://localhost:8080

Tue, 09/04/2019 11:26:51 - 
Tue, 09/04/2019 11:26:51 - Solr OFFLINE: http://localhost:8080/solr
Tue, 09/04/2019 11:26:51 - 
Tue, 09/04/2019 11:27:01 - 
Tue, 09/04/2019 11:27:01 - Solr OFFLINE: http://localhost:8080/solr
Tue, 09/04/2019 11:27:01 - 
Tue, 09/04/2019 11:31:50 - 
Tue, 09/04/2019 11:31:50 - Solr OFFLINE: http://localhost:8080/solr
Tue, 09/04/2019 11:31:50 - 
Tue, 09/04/2019 11:32:32 - 
Tue, 09/04/2019 11:32:32 - Solr OFFLINE: http://localhost:8080/solr
Tue, 09/04/2019 11:32:32 - 
Tue, 09/04/2019 11:32:50 - 
Tue, 09/04/2019 11:32:50 - Solr OFFLINE: http://localhost:8080/solr
Tue, 09/04/2019 11:32:50 - 
Tue, 09/04/2019 11:34:53 - 
Tue, 09/04/2019 11:34:53 - Solr OFFLINE: http://localhost:8080/solr
Tue, 09/04/2019 11:34:53 - 
Tue, 09/04/2019 11:35:02 - 
Tue, 09/04/2019 11:35:02 - Solr OFFLINE: http://localhost:8080/solr
Tue, 09/04/2019 11:35:02 - 
Tue, 09/04/2019 11:45:16 - 
Tue, 09/04/2019 11:45:16 - GenieSearchAPIConfig file: file:/C:/GitHub/genie-search-api/target/test-classes/geniesearchapi.properties
Tue, 09/04/2019 11:45:16 - 
repo.path=D:/Sourcerer_portable/repositories/test_repo
database.url=jdbc:mysql://localhost:3306/test_repo
database.user=root
database.password=***
webserver.url=http://localhost:8080

Tue, 09/04/2019 11:45:58 - 
Tue, 09/04/2019 11:45:58 - GenieSearchAPIConfig file: file:/C:/GitHub/genie-search-api/target/test-classes/geniesearchapi.properties
repo.path=D:/Sourcerer_portable/repositories/test_repo
database.url=jdbc:mysql://localhost:3306/test_repo
database.user=root
database.password=***
webserver.url=http://localhost:8080

Tue, 09/04/2019 11:46:17 - 
Tue, 09/04/2019 11:46:17 - GenieSearchAPIConfig file:/C:/GitHub/genie-search-api/target/test-classes/geniesearchapi.properties

repo.path=D:/Sourcerer_portable/repositories/test_repo
database.url=jdbc:mysql://localhost:3306/test_repo
database.user=root
database.password=***
webserver.url=http://localhost:8080

Tue, 09/04/2019 11:46:38 - 
Tue, 09/04/2019 11:46:38 - GenieSearchAPIConfig file:/C:/GitHub/genie-search-api/target/test-classes/geniesearchapi.properties

repo.path=D:/Sourcerer_portable/repositories/test_repo
database.url = jdbc:mysql://localhost:3306/test_repo
database.user = root
database.password = ***
webserver.url = http://localhost:8080

Tue, 09/04/2019 11:46:46 - 
Tue, 09/04/2019 11:46:46 - GenieSearchAPIConfig file:/C:/GitHub/genie-search-api/target/test-classes/geniesearchapi.properties

repo.path = D:/Sourcerer_portable/repositories/test_repo
database.url = jdbc:mysql://localhost:3306/test_repo
database.user = root
database.password = ***
webserver.url = http://localhost:8080

Tue, 09/04/2019 11:48:20 - 
Tue, 09/04/2019 11:48:20 - Genie Search API
Tue, 09/04/2019 11:48:20 - 
file:/C:/GitHub/genie-search-api/target/test-classes/geniesearchapi.properties
Tue, 09/04/2019 11:48:20 - 

repo.path = D:/Sourcerer_portable/repositories/test_repo
database.url = jdbc:mysql://localhost:3306/test_repo
database.user = root
database.password = ***
webserver.url = http://localhost:8080

Tue, 09/04/2019 11:48:20 - 
Tue, 09/04/2019 11:49:28 - 
Tue, 09/04/2019 11:49:28 - Genie Search API
Tue, 09/04/2019 11:49:28 - 
Tue, 09/04/2019 11:49:28 - file:/C:/GitHub/genie-search-api/target/test-classes/geniesearchapi.properties
Tue, 09/04/2019 11:49:28 - 

repo.path = D:/Sourcerer_portable/repositories/test_repo
database.url = jdbc:mysql://localhost:3306/test_repo
database.user = root
database.password = ***
webserver.url = http://localhost:8080

Tue, 09/04/2019 11:49:28 - 
Tue, 09/04/2019 11:51:50 - 
Tue, 09/04/2019 11:51:50 - Genie Search API
Tue, 09/04/2019 11:51:50 - 
Tue, 09/04/2019 11:51:50 - file:/C:/GitHub/genie-search-api/target/test-classes/geniesearchapi.properties
Tue, 09/04/2019 11:51:50 - 
Tue, 09/04/2019 11:51:50 - repo.path = D:/Sourcerer_portable/repositories/test_repo
Tue, 09/04/2019 11:51:50 - database.url = jdbc:mysql://localhost:3306/test_repo
Tue, 09/04/2019 11:51:50 - database.user = root
Tue, 09/04/2019 11:51:50 - database.password = ***
Tue, 09/04/2019 11:51:50 - webserver.url = http://localhost:8080
Tue, 09/04/2019 11:52:14 - 
Tue, 09/04/2019 11:52:14 - Genie Search API
Tue, 09/04/2019 11:52:14 - 
Tue, 09/04/2019 11:52:14 - file:/C:/GitHub/genie-search-api/target/test-classes/geniesearchapi.properties
Tue, 09/04/2019 11:52:14 - 
Tue, 09/04/2019 11:52:14 - repo.path = D:/Sourcerer_portable/repositories/test_repo
Tue, 09/04/2019 11:52:14 - database.url = jdbc:mysql://localhost:3306/test_repo
Tue, 09/04/2019 11:52:14 - database.user = root
Tue, 09/04/2019 11:52:14 - database.password = ***
Tue, 09/04/2019 11:52:14 - webserver.url = http://localhost:8080
Tue, 09/04/2019 11:52:14 - 
Tue, 09/04/2019 11:52:14 - Genie Search API
Tue, 09/04/2019 11:52:37 - 
Tue, 09/04/2019 11:52:37 - Genie Search API
Tue, 09/04/2019 11:52:37 - 
Tue, 09/04/2019 11:52:37 - file:/C:/GitHub/genie-search-api/target/test-classes/geniesearchapi.properties
Tue, 09/04/2019 11:52:37 - 
Tue, 09/04/2019 11:52:37 - repo.path = D:/Sourcerer_portable/repositories/test_repo
Tue, 09/04/2019 11:52:37 - database.url = jdbc:mysql://localhost:3306/test_repo
Tue, 09/04/2019 11:52:37 - database.user = root
Tue, 09/04/2019 11:52:37 - database.password = ***
Tue, 09/04/2019 11:52:37 - webserver.url = http://localhost:8080
Tue, 09/04/2019 11:52:37 - 
Tue, 09/04/2019 11:52:37 - Genie Search API
Tue, 09/04/2019 11:52:53 - Genie Search API
Tue, 09/04/2019 11:52:53 - 
Tue, 09/04/2019 11:52:53 - file:/C:/GitHub/genie-search-api/target/test-classes/geniesearchapi.properties
Tue, 09/04/2019 11:52:53 - 
Tue, 09/04/2019 11:52:53 - repo.path = D:/Sourcerer_portable/repositories/test_repo
Tue, 09/04/2019 11:52:53 - database.url = jdbc:mysql://localhost:3306/test_repo
Tue, 09/04/2019 11:52:53 - database.user = root
Tue, 09/04/2019 11:52:53 - database.password = ***
Tue, 09/04/2019 11:52:53 - webserver.url = http://localhost:8080
Tue, 09/04/2019 11:52:53 - 
Tue, 09/04/2019 11:52:53 - Genie Search API
Tue, 09/04/2019 12:15:02 - Genie Search API
Tue, 09/04/2019 12:15:02 - 
Tue, 09/04/2019 12:15:02 - file:/C:/GitHub/genie-search-api/target/test-classes/geniesearchapi.properties
Tue, 09/04/2019 12:15:02 - 
Tue, 09/04/2019 12:15:02 - repo.path = D:/Sourcerer_portable/repositories/test_repo
Tue, 09/04/2019 12:15:02 - database.url = jdbc:mysql://localhost:3306/test_repo
Tue, 09/04/2019 12:15:02 - database.user = root
Tue, 09/04/2019 12:15:02 - database.password = ***
Tue, 09/04/2019 12:15:02 - webserver.url = http://localhost:8080
Tue, 09/04/2019 12:15:02 - 
Tue, 09/04/2019 12:15:02 - Genie Search API
Tue, 09/04/2019 12:15:37 - Genie Search API
Tue, 09/04/2019 12:15:37 - 
Tue, 09/04/2019 12:15:37 - file:/C:/GitHub/genie-search-api/target/test-classes/geniesearchapi.properties
Tue, 09/04/2019 12:15:37 - 
Tue, 09/04/2019 12:15:37 - repo.path = D:/Sourcerer_portable/repositories/test_repo
Tue, 09/04/2019 12:15:37 - database.url = jdbc:mysql://localhost:3306/test_repo
Tue, 09/04/2019 12:15:37 - database.user = root
Tue, 09/04/2019 12:15:37 - database.password = ***
Tue, 09/04/2019 12:15:37 - webserver.url = http://localhost:8080
Tue, 09/04/2019 12:15:37 - 
Tue, 09/04/2019 12:15:37 - Genie Search API
Tue, 09/04/2019 12:15:37 - 
Tue, 09/04/2019 12:16:10 - Genie Search API
Tue, 09/04/2019 12:16:10 - 
Tue, 09/04/2019 12:16:10 - file:/C:/GitHub/genie-search-api/target/test-classes/geniesearchapi.properties
Tue, 09/04/2019 12:16:10 - 
Tue, 09/04/2019 12:16:10 - repo.path = D:/Sourcerer_portable/repositories/test_repo
Tue, 09/04/2019 12:16:10 - database.url = jdbc:mysql://localhost:3306/test_repo
Tue, 09/04/2019 12:16:10 - database.user = root
Tue, 09/04/2019 12:16:10 - database.password = ***
Tue, 09/04/2019 12:16:10 - webserver.url = http://localhost:8080
Tue, 09/04/2019 12:16:10 - 
Tue, 09/04/2019 12:16:10 - Genie Search API
Tue, 09/04/2019 12:16:10 - 
Tue, 09/04/2019 12:16:16 - Genie Search API
Tue, 09/04/2019 12:16:16 - 
Tue, 09/04/2019 12:16:16 - file:/C:/GitHub/genie-search-api/target/test-classes/geniesearchapi.properties
Tue, 09/04/2019 12:16:16 - 
Tue, 09/04/2019 12:16:16 - repo.path = D:/Sourcerer_portable/repositories/test_repo
Tue, 09/04/2019 12:16:16 - database.url = jdbc:mysql://localhost:3306/test_repo
Tue, 09/04/2019 12:16:16 - database.user = root
Tue, 09/04/2019 12:16:16 - database.password = ***
Tue, 09/04/2019 12:16:16 - webserver.url = http://localhost:8080
Tue, 09/04/2019 12:16:16 - 
Tue, 09/04/2019 12:16:16 - Genie Search API
Tue, 09/04/2019 12:16:16 - 
Tue, 09/04/2019 12:17:37 - Genie Search API
Tue, 09/04/2019 12:17:37 - 
Tue, 09/04/2019 12:17:37 - file:/C:/GitHub/genie-search-api/target/test-classes/geniesearchapi.properties
Tue, 09/04/2019 12:17:37 - 
Tue, 09/04/2019 12:17:37 - repo.path = D:/Sourcerer_portable/repositories/test_repo
Tue, 09/04/2019 12:17:37 - database.url = jdbc:mysql://localhost:3306/test_repo
Tue, 09/04/2019 12:17:37 - database.user = root
Tue, 09/04/2019 12:17:37 - database.password = ***
Tue, 09/04/2019 12:17:37 - webserver.url = http://localhost:8080
Tue, 09/04/2019 12:17:37 - 
Tue, 09/04/2019 12:17:37 - Genie Search API
Tue, 09/04/2019 12:17:37 - 
Tue, 09/04/2019 12:25:50 - Genie Search API
Tue, 09/04/2019 12:25:50 - 
Tue, 09/04/2019 12:25:50 - file:/C:/GitHub/genie-search-api/target/test-classes/geniesearchapi.properties
Tue, 09/04/2019 12:25:50 - 
Tue, 09/04/2019 12:25:50 - repo.path = D:/Sourcerer_portable/repositories/test_repo
Tue, 09/04/2019 12:25:50 - database.url = jdbc:mysql://localhost:3306/test_repo
Tue, 09/04/2019 12:25:50 - database.user = root
Tue, 09/04/2019 12:25:50 - database.password = ***
Tue, 09/04/2019 12:25:50 - webserver.url = http://localhost:8080
Tue, 09/04/2019 12:25:50 - 
Tue, 09/04/2019 12:25:50 - Genie Search API
Tue, 09/04/2019 12:25:50 - 
Tue, 09/04/2019 12:28:00 - Genie Search API
Tue, 09/04/2019 12:28:00 - 
Tue, 09/04/2019 12:28:00 - file:/C:/GitHub/genie-search-api/target/test-classes/geniesearchapi.properties
Tue, 09/04/2019 12:28:00 - 
Tue, 09/04/2019 12:28:00 - repo.path = D:/Sourcerer_portable/repositories/test_repo
Tue, 09/04/2019 12:28:00 - database.url = jdbc:mysql://localhost:3306/test_repo
Tue, 09/04/2019 12:28:00 - database.user = root
Tue, 09/04/2019 12:28:00 - database.password = ***
Tue, 09/04/2019 12:28:00 - webserver.url = http://localhost:8080
Tue, 09/04/2019 12:28:00 - 
Tue, 09/04/2019 12:28:00 - Genie Search API
Tue, 09/04/2019 12:28:00 - 
Tue, 09/04/2019 12:28:53 - Genie Search API
Tue, 09/04/2019 12:28:53 - 
Tue, 09/04/2019 12:28:53 - file:/C:/GitHub/genie-search-api/target/test-classes/geniesearchapi.properties
Tue, 09/04/2019 12:28:53 - 
Tue, 09/04/2019 12:30:54 - Genie Search API
Tue, 09/04/2019 12:30:54 - 
Tue, 09/04/2019 12:30:54 - file:/C:/GitHub/genie-search-api/target/test-classes/geniesearchapi.properties
Tue, 09/04/2019 12:30:54 - 
Tue, 09/04/2019 12:30:56 - repo.path = D:/Sourcerer_portable/repositories/test_repo
Tue, 09/04/2019 12:30:56 - database.url = jdbc:mysql://localhost:3306/test_repo
Tue, 09/04/2019 12:30:56 - database.user = root
Tue, 09/04/2019 12:30:56 - database.password = ***
Tue, 09/04/2019 12:30:56 - webserver.url = http://localhost:8080
Tue, 09/04/2019 12:30:56 - 
Tue, 09/04/2019 12:30:56 - Genie Search API
Tue, 09/04/2019 12:30:56 - 
Tue, 09/04/2019 12:33:09 - Genie Search API
Tue, 09/04/2019 12:33:09 - 
Tue, 09/04/2019 12:33:09 - file:/C:/GitHub/genie-search-api/target/test-classes/geniesearchapi.properties
Tue, 09/04/2019 12:33:09 - 
Tue, 09/04/2019 12:33:09 - repo.path = D:/Sourcerer_portable/repositories/test_repo
Tue, 09/04/2019 12:33:09 - database.url = jdbc:mysql://localhost:3306/test_repo
Tue, 09/04/2019 12:33:09 - database.user = root
Tue, 09/04/2019 12:33:09 - database.password = ***
Tue, 09/04/2019 12:33:09 - webserver.url = http://localhost:8080
Tue, 09/04/2019 12:33:09 - 
Tue, 09/04/2019 12:33:09 - Genie Search API
Tue, 09/04/2019 12:33:09 - 
Tue, 09/04/2019 12:44:29 - Genie Search API
Tue, 09/04/2019 12:44:29 - 
Tue, 09/04/2019 12:44:29 - file:/C:/GitHub/genie-search-api/target/test-classes/geniesearchapi.properties
Tue, 09/04/2019 12:44:29 - 
Tue, 09/04/2019 12:44:29 - repo.path = D:/Sourcerer_portable/repositories/test_repo
Tue, 09/04/2019 12:44:29 - database.url = jdbc:mysql://localhost:3306/test_repo
Tue, 09/04/2019 12:44:29 - database.user = root
Tue, 09/04/2019 12:44:29 - database.password = ***
Tue, 09/04/2019 12:44:29 - webserver.url = http://localhost:8080
Tue, 09/04/2019 12:44:29 - 
Tue, 09/04/2019 12:44:29 - Genie Search API
Tue, 09/04/2019 12:44:29 - 
Tue, 09/04/2019 12:47:49 - Genie Search API
Tue, 09/04/2019 12:47:49 - 
Tue, 09/04/2019 12:47:49 - file:/C:/GitHub/genie-search-api/target/test-classes/geniesearchapi.properties
Tue, 09/04/2019 12:47:49 - 
Tue, 09/04/2019 12:47:49 - repo.path = D:/Sourcerer_portable/repositories/test_repo
Tue, 09/04/2019 12:47:49 - database.url = jdbc:mysql://localhost:3306/test_repo
Tue, 09/04/2019 12:47:49 - database.user = root
Tue, 09/04/2019 12:47:49 - database.password = ***
Tue, 09/04/2019 12:47:49 - webserver.url = http://localhost:8080
Tue, 09/04/2019 12:47:49 - 
Tue, 09/04/2019 12:47:49 - Genie Search API
Tue, 09/04/2019 12:47:49 - 
