Mon, 15/04/2019 11:49:50 - Genie Search API
Mon, 15/04/2019 11:49:50 - 
Mon, 15/04/2019 11:49:50 - /C:/GitHub/genie-search-api/target/test-classes/geniesearchapi.properties
Mon, 15/04/2019 11:49:50 - 
Mon, 15/04/2019 11:49:50 - input-repo = D:\Sourcerer_portable\repositories\sf_110
Mon, 15/04/2019 11:49:50 - database-url = jdbc:mysql://localhost:3306/sf_110
Mon, 15/04/2019 11:49:50 - database-user = root
Mon, 15/04/2019 11:49:50 - database-password = ***
Mon, 15/04/2019 11:49:50 - webserver-url = http://localhost:8080
Mon, 15/04/2019 11:49:50 - 
Mon, 15/04/2019 11:49:50 - Genie Search API
Mon, 15/04/2019 11:49:50 - 
Mon, 15/04/2019 11:58:57 - Genie Search API
Mon, 15/04/2019 11:58:57 - 
Mon, 15/04/2019 11:58:57 - /C:/GitHub/genie-search-api/target/test-classes/geniesearchapi.properties
Mon, 15/04/2019 11:58:57 - 
Mon, 15/04/2019 11:58:57 - input-repo = D:\Sourcerer_portable\repositories\sf_110
Mon, 15/04/2019 11:58:57 - database-url = jdbc:mysql://localhost:3306/sf_110
Mon, 15/04/2019 11:58:57 - database-user = root
Mon, 15/04/2019 11:58:57 - database-password = ***
Mon, 15/04/2019 11:58:57 - webserver-url = http://localhost:8080
Mon, 15/04/2019 11:58:57 - 
Mon, 15/04/2019 11:58:57 - Genie Search API
Mon, 15/04/2019 11:58:57 - 
Mon, 15/04/2019 11:59:58 - Genie Search API
Mon, 15/04/2019 11:59:58 - 
Mon, 15/04/2019 11:59:58 - /C:/GitHub/genie-search-api/target/test-classes/geniesearchapi.properties
Mon, 15/04/2019 11:59:58 - 
Mon, 15/04/2019 11:59:58 - input-repo = D:\Sourcerer_portable\repositories\sf_110
Mon, 15/04/2019 11:59:58 - database-url = jdbc:mysql://localhost:3306/sf_110
Mon, 15/04/2019 11:59:58 - database-user = root
Mon, 15/04/2019 11:59:58 - database-password = ***
Mon, 15/04/2019 11:59:58 - webserver-url = http://localhost:8080
Mon, 15/04/2019 11:59:58 - 
Mon, 15/04/2019 11:59:58 - Genie Search API
Mon, 15/04/2019 11:59:58 - 
Mon, 15/04/2019 12:00:27 - Genie Search API
Mon, 15/04/2019 12:00:27 - 
Mon, 15/04/2019 12:00:27 - /C:/GitHub/genie-search-api/target/test-classes/geniesearchapi.properties
Mon, 15/04/2019 12:00:27 - 
Mon, 15/04/2019 12:00:27 - input-repo = D:\Sourcerer_portable\repositories\sf_110
Mon, 15/04/2019 12:00:27 - database-url = jdbc:mysql://localhost:3306/sf_110
Mon, 15/04/2019 12:00:27 - database-user = root
Mon, 15/04/2019 12:00:27 - database-password = ***
Mon, 15/04/2019 12:00:27 - webserver-url = http://localhost:8080
Mon, 15/04/2019 12:00:27 - 
Mon, 15/04/2019 12:00:27 - Genie Search API
Mon, 15/04/2019 12:00:27 - 
Mon, 15/04/2019 12:01:37 - Genie Search API
Mon, 15/04/2019 12:01:37 - 
Mon, 15/04/2019 12:01:37 - /C:/GitHub/genie-search-api/target/test-classes/geniesearchapi.properties
Mon, 15/04/2019 12:01:37 - 
Mon, 15/04/2019 12:01:37 - input-repo = D:\Sourcerer_portable\repositories\sf_110
Mon, 15/04/2019 12:01:37 - database-url = jdbc:mysql://localhost:3306/sf_110
Mon, 15/04/2019 12:01:37 - database-user = root
Mon, 15/04/2019 12:01:37 - database-password = ***
Mon, 15/04/2019 12:01:37 - webserver-url = http://localhost:8080
Mon, 15/04/2019 12:01:37 - 
Mon, 15/04/2019 12:01:37 - Genie Search API
Mon, 15/04/2019 12:01:37 - 
Mon, 15/04/2019 12:09:25 - Genie Search API
Mon, 15/04/2019 12:09:25 - 
Mon, 15/04/2019 12:09:25 - /C:/GitHub/genie-search-api/target/test-classes/geniesearchapi.properties
Mon, 15/04/2019 12:09:25 - 
Mon, 15/04/2019 12:09:25 - input-repo = D:\Sourcerer_portable\repositories\sf_110
Mon, 15/04/2019 12:09:25 - database-url = jdbc:mysql://localhost:3306/sf_110
Mon, 15/04/2019 12:09:25 - database-user = root
Mon, 15/04/2019 12:09:25 - database-password = ***
Mon, 15/04/2019 12:09:25 - webserver-url = http://localhost:8080
Mon, 15/04/2019 12:09:25 - 
Mon, 15/04/2019 12:09:25 - Genie Search API
Mon, 15/04/2019 12:09:25 - 
Mon, 15/04/2019 12:14:46 - Genie Search API
Mon, 15/04/2019 12:14:46 - 
Mon, 15/04/2019 12:14:46 - /C:/GitHub/genie-search-api/target/test-classes/geniesearchapi.properties
Mon, 15/04/2019 12:14:46 - 
Mon, 15/04/2019 12:14:46 - input-repo = D:\Sourcerer_portable\repositories\sf_110
Mon, 15/04/2019 12:14:46 - database-url = jdbc:mysql://localhost:3306/sf_110
Mon, 15/04/2019 12:14:46 - database-user = root
Mon, 15/04/2019 12:14:46 - database-password = ***
Mon, 15/04/2019 12:14:46 - webserver-url = http://localhost:8080
Mon, 15/04/2019 12:14:46 - 
Mon, 15/04/2019 12:14:46 - Genie Search API
Mon, 15/04/2019 12:14:46 - 
Mon, 15/04/2019 12:15:33 - Genie Search API
Mon, 15/04/2019 12:15:33 - 
Mon, 15/04/2019 12:15:33 - /C:/GitHub/genie-search-api/target/test-classes/geniesearchapi.properties
Mon, 15/04/2019 12:15:33 - 
Mon, 15/04/2019 12:15:33 - input-repo = D:\Sourcerer_portable\repositories\sf_110
Mon, 15/04/2019 12:15:33 - database-url = jdbc:mysql://localhost:3306/sf_110
Mon, 15/04/2019 12:15:33 - database-user = root
Mon, 15/04/2019 12:15:33 - database-password = ***
Mon, 15/04/2019 12:15:33 - webserver-url = http://localhost:8080
Mon, 15/04/2019 12:15:33 - 
Mon, 15/04/2019 12:15:33 - Genie Search API
Mon, 15/04/2019 12:15:33 - 
Mon, 15/04/2019 12:39:55 - Genie Search API
Mon, 15/04/2019 12:39:55 - 
Mon, 15/04/2019 12:39:55 - /C:/GitHub/genie-search-api/target/test-classes/geniesearchapi.properties
Mon, 15/04/2019 12:39:55 - 
Mon, 15/04/2019 12:39:55 - input-repo = D:\Sourcerer_portable\repositories\sf_110
Mon, 15/04/2019 12:39:55 - database-url = jdbc:mysql://localhost:3306/sf_110
Mon, 15/04/2019 12:39:55 - database-user = root
Mon, 15/04/2019 12:39:55 - database-password = ***
Mon, 15/04/2019 12:39:55 - webserver-url = http://localhost:8080
Mon, 15/04/2019 12:39:55 - 
Mon, 15/04/2019 12:39:55 - Genie Search API
Mon, 15/04/2019 12:39:55 - 
Mon, 15/04/2019 13:26:35 - Genie Search API
Mon, 15/04/2019 13:26:35 - 
Mon, 15/04/2019 13:26:35 - /C:/GitHub/genie-search-api/target/test-classes/geniesearchapi.properties
Mon, 15/04/2019 13:26:35 - 
Mon, 15/04/2019 13:26:35 - input-repo = D:\Sourcerer_portable\repositories\sf_110
Mon, 15/04/2019 13:26:35 - database-url = jdbc:mysql://localhost:3306/sf_110
Mon, 15/04/2019 13:26:35 - database-user = root
Mon, 15/04/2019 13:26:35 - database-password = ***
Mon, 15/04/2019 13:26:35 - webserver-url = http://localhost:8080
Mon, 15/04/2019 13:26:35 - 
Mon, 15/04/2019 13:26:35 - Genie Search API
Mon, 15/04/2019 13:26:35 - 
Mon, 15/04/2019 13:27:10 - Genie Search API
Mon, 15/04/2019 13:27:10 - 
Mon, 15/04/2019 13:27:10 - /C:/GitHub/genie-search-api/target/test-classes/geniesearchapi.properties
Mon, 15/04/2019 13:27:10 - 
Mon, 15/04/2019 13:27:10 - input-repo = D:\Sourcerer_portable\repositories\sf_110
Mon, 15/04/2019 13:27:10 - database-url = jdbc:mysql://localhost:3306/sf_110
Mon, 15/04/2019 13:27:10 - database-user = root
Mon, 15/04/2019 13:27:10 - database-password = ***
Mon, 15/04/2019 13:27:10 - webserver-url = http://localhost:8080
Mon, 15/04/2019 13:27:10 - 
Mon, 15/04/2019 13:27:10 - Genie Search API
Mon, 15/04/2019 13:27:10 - 
Mon, 15/04/2019 13:28:56 - Genie Search API
Mon, 15/04/2019 13:28:56 - 
Mon, 15/04/2019 13:28:56 - /C:/GitHub/genie-search-api/target/test-classes/geniesearchapi.properties
Mon, 15/04/2019 13:28:56 - 
Mon, 15/04/2019 13:28:56 - input-repo = D:\Sourcerer_portable\repositories\sf_110
Mon, 15/04/2019 13:28:56 - database-url = jdbc:mysql://localhost:3306/sf_110
Mon, 15/04/2019 13:28:56 - database-user = root
Mon, 15/04/2019 13:28:56 - database-password = ***
Mon, 15/04/2019 13:28:56 - webserver-url = http://localhost:8080
Mon, 15/04/2019 13:28:56 - 
Mon, 15/04/2019 13:28:56 - Genie Search API
Mon, 15/04/2019 13:28:56 - 
Mon, 15/04/2019 13:29:28 - Genie Search API
Mon, 15/04/2019 13:29:28 - 
Mon, 15/04/2019 13:29:28 - /C:/GitHub/genie-search-api/target/test-classes/geniesearchapi.properties
Mon, 15/04/2019 13:29:28 - 
Mon, 15/04/2019 13:29:28 - input-repo = D:\Sourcerer_portable\repositories\sf_110
Mon, 15/04/2019 13:29:28 - database-url = jdbc:mysql://localhost:3306/sf_110
Mon, 15/04/2019 13:29:28 - database-user = root
Mon, 15/04/2019 13:29:28 - database-password = ***
Mon, 15/04/2019 13:29:28 - webserver-url = http://localhost:8080
Mon, 15/04/2019 13:29:28 - 
Mon, 15/04/2019 13:29:28 - Genie Search API
Mon, 15/04/2019 13:29:28 - 
Mon, 15/04/2019 13:30:49 - Genie Search API
Mon, 15/04/2019 13:30:49 - 
Mon, 15/04/2019 13:30:49 - /C:/GitHub/genie-search-api/target/test-classes/geniesearchapi.properties
Mon, 15/04/2019 13:30:49 - 
Mon, 15/04/2019 13:30:49 - input-repo = D:\Sourcerer_portable\repositories\sf_110
Mon, 15/04/2019 13:30:49 - database-url = jdbc:mysql://localhost:3306/sf_110
Mon, 15/04/2019 13:30:49 - database-user = root
Mon, 15/04/2019 13:30:49 - database-password = ***
Mon, 15/04/2019 13:30:49 - webserver-url = http://localhost:8080
Mon, 15/04/2019 13:30:49 - 
Mon, 15/04/2019 13:30:49 - Genie Search API
Mon, 15/04/2019 13:30:49 - 
Mon, 15/04/2019 13:31:35 - Genie Search API
Mon, 15/04/2019 13:31:35 - 
Mon, 15/04/2019 13:31:35 - /C:/GitHub/genie-search-api/target/test-classes/geniesearchapi.properties
Mon, 15/04/2019 13:31:35 - 
Mon, 15/04/2019 13:31:35 - input-repo = D:\Sourcerer_portable\repositories\sf_110
Mon, 15/04/2019 13:31:35 - database-url = jdbc:mysql://localhost:3306/sf_110
Mon, 15/04/2019 13:31:35 - database-user = root
Mon, 15/04/2019 13:31:35 - database-password = ***
Mon, 15/04/2019 13:31:35 - webserver-url = http://localhost:8080
Mon, 15/04/2019 13:31:35 - 
Mon, 15/04/2019 13:31:35 - Genie Search API
Mon, 15/04/2019 13:31:35 - 
Mon, 15/04/2019 13:34:07 - Genie Search API
Mon, 15/04/2019 13:34:07 - 
Mon, 15/04/2019 13:34:07 - /C:/GitHub/genie-search-api/target/test-classes/geniesearchapi.properties
Mon, 15/04/2019 13:34:07 - 
Mon, 15/04/2019 13:34:07 - input-repo = D:\Sourcerer_portable\repositories\sf_110
Mon, 15/04/2019 13:34:07 - database-url = jdbc:mysql://localhost:3306/sf_110
Mon, 15/04/2019 13:34:07 - database-user = root
Mon, 15/04/2019 13:34:07 - database-password = ***
Mon, 15/04/2019 13:34:07 - webserver-url = http://localhost:8080
Mon, 15/04/2019 13:34:07 - 
Mon, 15/04/2019 13:34:07 - Genie Search API
Mon, 15/04/2019 13:34:07 - 
Mon, 15/04/2019 13:34:13 - Genie Search API
Mon, 15/04/2019 13:34:13 - 
Mon, 15/04/2019 13:34:13 - /C:/GitHub/genie-search-api/target/test-classes/geniesearchapi.properties
Mon, 15/04/2019 13:34:13 - 
Mon, 15/04/2019 13:34:13 - input-repo = D:\Sourcerer_portable\repositories\sf_110
Mon, 15/04/2019 13:34:13 - database-url = jdbc:mysql://localhost:3306/sf_110
Mon, 15/04/2019 13:34:13 - database-user = root
Mon, 15/04/2019 13:34:13 - database-password = ***
Mon, 15/04/2019 13:34:13 - webserver-url = http://localhost:8080
Mon, 15/04/2019 13:34:13 - 
Mon, 15/04/2019 13:34:13 - Genie Search API
Mon, 15/04/2019 13:34:13 - 
Mon, 15/04/2019 13:54:59 - Genie Search API
Mon, 15/04/2019 13:54:59 - 
Mon, 15/04/2019 13:54:59 - /C:/GitHub/genie-search-api/target/test-classes/geniesearchapi.properties
Mon, 15/04/2019 13:54:59 - 
Mon, 15/04/2019 13:54:59 - input-repo = D:\Sourcerer_portable\repositories\sf_110
Mon, 15/04/2019 13:54:59 - database-url = jdbc:mysql://localhost:3306/sf_110
Mon, 15/04/2019 13:54:59 - database-user = root
Mon, 15/04/2019 13:54:59 - database-password = ***
Mon, 15/04/2019 13:54:59 - webserver-url = http://localhost:8080
Mon, 15/04/2019 13:54:59 - 
Mon, 15/04/2019 13:54:59 - Genie Search API
Mon, 15/04/2019 13:54:59 - 
Mon, 15/04/2019 14:03:58 - Genie Search API
Mon, 15/04/2019 14:03:58 - 
Mon, 15/04/2019 14:03:58 - /C:/GitHub/genie-search-api/target/test-classes/geniesearchapi.properties
Mon, 15/04/2019 14:03:58 - 
Mon, 15/04/2019 14:03:58 - input-repo = D:\Sourcerer_portable\repositories\sf_110
Mon, 15/04/2019 14:03:58 - database-url = jdbc:mysql://localhost:3306/sf_110
Mon, 15/04/2019 14:03:58 - database-user = root
Mon, 15/04/2019 14:03:58 - database-password = ***
Mon, 15/04/2019 14:03:58 - webserver-url = http://localhost:8080
Mon, 15/04/2019 14:03:58 - 
Mon, 15/04/2019 14:03:58 - Genie Search API
Mon, 15/04/2019 14:03:58 - 
Mon, 15/04/2019 15:15:30 - Genie Search API
Mon, 15/04/2019 15:15:30 - 
Mon, 15/04/2019 15:15:30 - /C:/GitHub/genie-search-api/target/test-classes/geniesearchapi.properties
Mon, 15/04/2019 15:15:30 - 
Mon, 15/04/2019 15:15:30 - input-repo = D:\Sourcerer_portable\repositories\sf_110
Mon, 15/04/2019 15:15:30 - database-url = jdbc:mysql://localhost:3306/sf_110
Mon, 15/04/2019 15:15:30 - database-user = root
Mon, 15/04/2019 15:15:30 - database-password = ***
Mon, 15/04/2019 15:15:30 - webserver-url = http://localhost:8080
Mon, 15/04/2019 15:15:30 - 
Mon, 15/04/2019 15:15:30 - Genie Search API
Mon, 15/04/2019 15:15:30 - 
Mon, 15/04/2019 15:18:59 - Genie Search API
Mon, 15/04/2019 15:18:59 - 
Mon, 15/04/2019 15:18:59 - /C:/GitHub/genie-search-api/target/test-classes/geniesearchapi.properties
Mon, 15/04/2019 15:18:59 - 
Mon, 15/04/2019 15:18:59 - input-repo = D:\Sourcerer_portable\repositories\sf_110
Mon, 15/04/2019 15:18:59 - database-url = jdbc:mysql://localhost:3306/sf_110
Mon, 15/04/2019 15:18:59 - database-user = root
Mon, 15/04/2019 15:18:59 - database-password = ***
Mon, 15/04/2019 15:18:59 - webserver-url = http://localhost:8080
Mon, 15/04/2019 15:18:59 - 
Mon, 15/04/2019 15:18:59 - Genie Search API
Mon, 15/04/2019 15:18:59 - 
Mon, 15/04/2019 15:20:09 - Genie Search API
Mon, 15/04/2019 15:20:09 - 
Mon, 15/04/2019 15:20:09 - /C:/GitHub/genie-search-api/target/test-classes/geniesearchapi.properties
Mon, 15/04/2019 15:20:09 - 
Mon, 15/04/2019 15:20:09 - input-repo = D:\Sourcerer_portable\repositories\sf_110
Mon, 15/04/2019 15:20:09 - database-url = jdbc:mysql://localhost:3306/sf_110
Mon, 15/04/2019 15:20:09 - database-user = root
Mon, 15/04/2019 15:20:09 - database-password = ***
Mon, 15/04/2019 15:20:09 - webserver-url = http://localhost:8080
Mon, 15/04/2019 15:20:09 - 
Mon, 15/04/2019 15:20:09 - Genie Search API
Mon, 15/04/2019 15:20:09 - 
Mon, 15/04/2019 15:22:25 - Genie Search API
Mon, 15/04/2019 15:22:25 - 
Mon, 15/04/2019 15:22:25 - /C:/GitHub/genie-search-api/target/test-classes/geniesearchapi.properties
Mon, 15/04/2019 15:22:25 - 
Mon, 15/04/2019 15:22:25 - input-repo = D:\Sourcerer_portable\repositories\sf_110
Mon, 15/04/2019 15:22:25 - database-url = jdbc:mysql://localhost:3306/sf_110
Mon, 15/04/2019 15:22:25 - database-user = root
Mon, 15/04/2019 15:22:25 - database-password = ***
Mon, 15/04/2019 15:22:25 - webserver-url = http://localhost:8080
Mon, 15/04/2019 15:22:25 - 
Mon, 15/04/2019 15:22:25 - Genie Search API
Mon, 15/04/2019 15:22:25 - 
Mon, 15/04/2019 15:47:01 - Genie Search API
Mon, 15/04/2019 15:47:01 - 
Mon, 15/04/2019 15:47:01 - /C:/GitHub/genie-search-api/target/test-classes/geniesearchapi.properties
Mon, 15/04/2019 15:47:01 - 
Mon, 15/04/2019 15:47:01 - input-repo = D:\Sourcerer_portable\repositories\sf_110
Mon, 15/04/2019 15:47:01 - database-url = jdbc:mysql://localhost:3306/sf_110
Mon, 15/04/2019 15:47:01 - database-user = root
Mon, 15/04/2019 15:47:01 - database-password = ***
Mon, 15/04/2019 15:47:01 - webserver-url = http://localhost:8080
Mon, 15/04/2019 15:47:01 - 
Mon, 15/04/2019 15:47:01 - Genie Search API
Mon, 15/04/2019 15:47:01 - 
Mon, 15/04/2019 15:47:12 - Genie Search API
Mon, 15/04/2019 15:47:12 - 
Mon, 15/04/2019 15:47:12 - /C:/GitHub/genie-search-api/target/test-classes/geniesearchapi.properties
Mon, 15/04/2019 15:47:12 - 
Mon, 15/04/2019 15:47:12 - input-repo = D:\Sourcerer_portable\repositories\sf_110
Mon, 15/04/2019 15:47:12 - database-url = jdbc:mysql://localhost:3306/sf_110
Mon, 15/04/2019 15:47:12 - database-user = root
Mon, 15/04/2019 15:47:12 - database-password = ***
Mon, 15/04/2019 15:47:12 - webserver-url = http://localhost:8080
Mon, 15/04/2019 15:47:12 - 
Mon, 15/04/2019 15:47:12 - Genie Search API
Mon, 15/04/2019 15:47:12 - 
Mon, 15/04/2019 15:49:37 - Genie Search API
Mon, 15/04/2019 15:49:37 - 
Mon, 15/04/2019 15:49:37 - /C:/GitHub/genie-search-api/target/test-classes/geniesearchapi.properties
Mon, 15/04/2019 15:49:37 - 
Mon, 15/04/2019 15:49:37 - input-repo = D:\Sourcerer_portable\repositories\sf_110
Mon, 15/04/2019 15:49:37 - database-url = jdbc:mysql://localhost:3306/sf_110
Mon, 15/04/2019 15:49:37 - database-user = root
Mon, 15/04/2019 15:49:37 - database-password = ***
Mon, 15/04/2019 15:49:37 - webserver-url = http://localhost:8080
Mon, 15/04/2019 15:49:37 - 
Mon, 15/04/2019 15:49:37 - Genie Search API
Mon, 15/04/2019 15:49:37 - 
Mon, 15/04/2019 15:52:09 - Genie Search API
Mon, 15/04/2019 15:52:09 - 
Mon, 15/04/2019 15:52:09 - /C:/GitHub/genie-search-api/target/test-classes/geniesearchapi.properties
Mon, 15/04/2019 15:52:09 - 
Mon, 15/04/2019 15:52:09 - input-repo = D:\Sourcerer_portable\repositories\sf_110
Mon, 15/04/2019 15:52:09 - database-url = jdbc:mysql://localhost:3306/sf_110
Mon, 15/04/2019 15:52:09 - database-user = root
Mon, 15/04/2019 15:52:09 - database-password = ***
Mon, 15/04/2019 15:52:09 - webserver-url = http://localhost:8080
Mon, 15/04/2019 15:52:09 - 
Mon, 15/04/2019 15:52:09 - Genie Search API
Mon, 15/04/2019 15:52:09 - 
Mon, 15/04/2019 15:53:30 - Executing Method: public static byte org.javathena.core.utiles.Functions.parseIntToByte(int) throws java.lang.Exception
Mon, 15/04/2019 15:54:16 - Executing Method: public static byte org.javathena.core.utiles.Functions.parseIntToByte(int) throws java.lang.Exception
Mon, 15/04/2019 15:54:18 - With values: [Ljava.lang.Object;@7950046f
Mon, 15/04/2019 15:54:43 - Executing Method: public static byte org.javathena.core.utiles.Functions.parseIntToByte(int) throws java.lang.Exception
Mon, 15/04/2019 15:54:44 - With values: 300
Mon, 15/04/2019 15:55:53 - Executing Method: public static byte org.javathena.core.utiles.Functions.parseIntToByte(int) throws java.lang.Exception
Mon, 15/04/2019 15:55:54 - With values: 300
Mon, 15/04/2019 15:55:55 - ...
Mon, 15/04/2019 15:55:58 - Result = 44
Mon, 15/04/2019 15:57:23 - Genie Search API
Mon, 15/04/2019 15:57:23 - 
Mon, 15/04/2019 15:57:23 - /C:/GitHub/genie-search-api/target/test-classes/geniesearchapi.properties
Mon, 15/04/2019 15:57:23 - 
Mon, 15/04/2019 15:57:23 - input-repo = D:\Sourcerer_portable\repositories\sf_110
Mon, 15/04/2019 15:57:23 - database-url = jdbc:mysql://localhost:3306/sf_110
Mon, 15/04/2019 15:57:23 - database-user = root
Mon, 15/04/2019 15:57:23 - database-password = ***
Mon, 15/04/2019 15:57:23 - webserver-url = http://localhost:8080
Mon, 15/04/2019 15:57:23 - 
Mon, 15/04/2019 15:57:23 - Genie Search API
Mon, 15/04/2019 15:57:23 - 
Mon, 15/04/2019 15:57:24 - Executing Method: public static byte org.javathena.core.utiles.Functions.parseIntToByte(int) throws java.lang.Exception
Mon, 15/04/2019 15:57:24 - With values: 300
Mon, 15/04/2019 15:57:24 - ...
Mon, 15/04/2019 15:57:24 - Result = 44
Mon, 15/04/2019 15:57:54 - Genie Search API
Mon, 15/04/2019 15:57:54 - 
Mon, 15/04/2019 15:57:54 - /C:/GitHub/genie-search-api/target/test-classes/geniesearchapi.properties
Mon, 15/04/2019 15:57:54 - 
Mon, 15/04/2019 15:57:54 - input-repo = D:\Sourcerer_portable\repositories\sf_110
Mon, 15/04/2019 15:57:54 - database-url = jdbc:mysql://localhost:3306/sf_110
Mon, 15/04/2019 15:57:54 - database-user = root
Mon, 15/04/2019 15:57:54 - database-password = ***
Mon, 15/04/2019 15:57:54 - webserver-url = http://localhost:8080
Mon, 15/04/2019 15:57:54 - 
Mon, 15/04/2019 15:57:54 - Genie Search API
Mon, 15/04/2019 15:57:54 - 
Mon, 15/04/2019 15:57:55 - Executing Method: public static byte org.javathena.core.utiles.Functions.parseIntToByte(int) throws java.lang.Exception
Mon, 15/04/2019 15:57:55 - With values: 300
Mon, 15/04/2019 15:57:55 - 
Mon, 15/04/2019 15:57:55 - Result = 44
Mon, 15/04/2019 15:58:15 - Genie Search API
Mon, 15/04/2019 15:58:15 - 
Mon, 15/04/2019 15:58:15 - /C:/GitHub/genie-search-api/target/test-classes/geniesearchapi.properties
Mon, 15/04/2019 15:58:15 - 
Mon, 15/04/2019 15:58:15 - input-repo = D:\Sourcerer_portable\repositories\sf_110
Mon, 15/04/2019 15:58:15 - database-url = jdbc:mysql://localhost:3306/sf_110
Mon, 15/04/2019 15:58:15 - database-user = root
Mon, 15/04/2019 15:58:15 - database-password = ***
Mon, 15/04/2019 15:58:15 - webserver-url = http://localhost:8080
Mon, 15/04/2019 15:58:15 - 
Mon, 15/04/2019 15:58:15 - Genie Search API
Mon, 15/04/2019 15:58:15 - 
Mon, 15/04/2019 15:58:15 - Executing Method: public static byte org.javathena.core.utiles.Functions.parseIntToByte(int) throws java.lang.Exception
Mon, 15/04/2019 15:58:15 - With values: 300
Mon, 15/04/2019 15:58:15 - Result = 44
Mon, 15/04/2019 15:58:15 - 
