Fri, 03/05/2019 12:34:33 - 
Fri, 03/05/2019 12:34:33 - Genie Search API
Fri, 03/05/2019 12:34:33 - 
Fri, 03/05/2019 12:34:33 - Arquivo de configuração: C:/GitHub/genie-search-api/target/test-classes/geniesearchapi.properties
Fri, 03/05/2019 12:34:33 - 
Fri, 03/05/2019 12:34:33 - input-repo = D:\Sourcerer_portable\repositories\test_repo
Fri, 03/05/2019 12:34:33 - database-url = jdbc:mysql://localhost:3306/test_repo
Fri, 03/05/2019 12:34:33 - database-user = root
Fri, 03/05/2019 12:34:33 - database-password = ***
Fri, 03/05/2019 12:34:33 - webserver-url = http://localhost:8080
Fri, 03/05/2019 12:34:33 - 
Fri, 03/05/2019 12:34:33 - Genie Search API
Fri, 03/05/2019 12:34:33 - 
Fri, 03/05/2019 12:34:36 - 
Fri, 03/05/2019 12:34:36 - Genie Search API
Fri, 03/05/2019 12:34:36 - 
Fri, 03/05/2019 12:34:36 - Arquivo de configuração: C:/GitHub/genie-search-api/target/test-classes/geniesearchapi.properties
Fri, 03/05/2019 12:34:36 - 
Fri, 03/05/2019 12:34:36 - input-repo = D:\Sourcerer_portable\repositories\test_repo
Fri, 03/05/2019 12:34:36 - database-url = jdbc:mysql://localhost:3306/test_repo
Fri, 03/05/2019 12:34:36 - database-user = root
Fri, 03/05/2019 12:34:36 - database-password = ***
Fri, 03/05/2019 12:34:36 - webserver-url = http://localhost:8080
Fri, 03/05/2019 12:34:36 - 
Fri, 03/05/2019 12:34:36 - Genie Search API
Fri, 03/05/2019 12:34:36 - 
Fri, 03/05/2019 12:34:40 - 
Fri, 03/05/2019 12:34:40 - Genie Search API
Fri, 03/05/2019 12:34:40 - 
Fri, 03/05/2019 12:34:40 - Arquivo de configuração: C:/GitHub/genie-search-api/target/test-classes/geniesearchapi.properties
Fri, 03/05/2019 12:34:40 - 
Fri, 03/05/2019 12:34:40 - input-repo = D:\Sourcerer_portable\repositories\test_repo
Fri, 03/05/2019 12:34:40 - database-url = jdbc:mysql://localhost:3306/test_repo
Fri, 03/05/2019 12:34:40 - database-user = root
Fri, 03/05/2019 12:34:40 - database-password = ***
Fri, 03/05/2019 12:34:40 - webserver-url = http://localhost:8080
Fri, 03/05/2019 12:34:40 - 
Fri, 03/05/2019 12:34:40 - Genie Search API
Fri, 03/05/2019 12:34:40 - 
Fri, 03/05/2019 12:34:52 - Entity_id: 869186 Getting source code...
Fri, 03/05/2019 12:34:52 - 
Fri, 03/05/2019 12:34:52 - Genie Search API
Fri, 03/05/2019 12:34:52 - 
Fri, 03/05/2019 12:34:52 - Arquivo de configuração: C:/GitHub/genie-search-api/target/test-classes/geniesearchapi.properties
Fri, 03/05/2019 12:34:52 - 
Fri, 03/05/2019 12:34:52 - input-repo = D:\Sourcerer_portable\repositories\test_repo
Fri, 03/05/2019 12:34:52 - database-url = jdbc:mysql://localhost:3306/test_repo
Fri, 03/05/2019 12:34:52 - database-user = root
Fri, 03/05/2019 12:34:52 - database-password = ***
Fri, 03/05/2019 12:34:52 - webserver-url = http://localhost:8080
Fri, 03/05/2019 12:34:52 - 
Fri, 03/05/2019 12:34:52 - Genie Search API
Fri, 03/05/2019 12:34:52 - 
Fri, 03/05/2019 12:34:56 - Entity_id: 869186 Executing method...
Fri, 03/05/2019 12:34:56 - Executing Method: public static byte org.javathena.core.utiles.Functions.parseIntToByte(int) throws java.lang.Exception
Fri, 03/05/2019 12:34:56 - With values: 300
Fri, 03/05/2019 12:34:56 - Result = 44
Fri, 03/05/2019 12:34:56 - 
Fri, 03/05/2019 12:34:56 - 
Fri, 03/05/2019 12:34:56 - Genie Search API
Fri, 03/05/2019 12:34:56 - 
Fri, 03/05/2019 12:34:56 - Arquivo de configuração: C:/GitHub/genie-search-api/target/test-classes/geniesearchapi.properties
Fri, 03/05/2019 12:34:56 - 
Fri, 03/05/2019 12:34:56 - input-repo = D:\Sourcerer_portable\repositories\test_repo
Fri, 03/05/2019 12:34:56 - database-url = jdbc:mysql://localhost:3306/test_repo
Fri, 03/05/2019 12:34:56 - database-user = root
Fri, 03/05/2019 12:34:56 - database-password = ***
Fri, 03/05/2019 12:34:56 - webserver-url = http://localhost:8080
Fri, 03/05/2019 12:34:56 - 
Fri, 03/05/2019 12:34:56 - Genie Search API
Fri, 03/05/2019 12:34:56 - 
Fri, 03/05/2019 12:34:58 - Entity_id: 871329 Executing method...
Fri, 03/05/2019 12:34:58 - Executing Method: public static long com.eteks.sweethome3d.model.Camera.convertTimeToTimeZone(long,java.lang.String)
Fri, 03/05/2019 12:34:58 - With values: 25
Fri, 03/05/2019 12:34:58 - Result = 25
Fri, 03/05/2019 12:34:58 - 
Fri, 03/05/2019 12:34:58 - Entity_id: 871329 Executing method...
Fri, 03/05/2019 12:34:58 - 
Fri, 03/05/2019 12:34:58 - Genie Search API
Fri, 03/05/2019 12:34:58 - 
Fri, 03/05/2019 12:34:58 - Arquivo de configuração: C:/GitHub/genie-search-api/target/test-classes/geniesearchapi.properties
Fri, 03/05/2019 12:34:58 - 
Fri, 03/05/2019 12:34:58 - input-repo = D:\Sourcerer_portable\repositories\test_repo
Fri, 03/05/2019 12:34:58 - database-url = jdbc:mysql://localhost:3306/test_repo
Fri, 03/05/2019 12:34:58 - database-user = root
Fri, 03/05/2019 12:34:58 - database-password = ***
Fri, 03/05/2019 12:34:58 - webserver-url = http://localhost:8080
Fri, 03/05/2019 12:34:58 - 
Fri, 03/05/2019 12:34:58 - Genie Search API
Fri, 03/05/2019 12:34:58 - 
Fri, 03/05/2019 12:35:00 - Entity_id: 869186 Slicing...
Fri, 03/05/2019 12:35:00 - 
Fri, 03/05/2019 12:35:00 - Genie Search API
Fri, 03/05/2019 12:35:00 - 
Fri, 03/05/2019 12:35:00 - Arquivo de configuração: C:/GitHub/genie-search-api/target/test-classes/geniesearchapi.properties
Fri, 03/05/2019 12:35:00 - 
Fri, 03/05/2019 12:35:00 - input-repo = D:\Sourcerer_portable\repositories\test_repo
Fri, 03/05/2019 12:35:00 - database-url = jdbc:mysql://localhost:3306/test_repo
Fri, 03/05/2019 12:35:00 - database-user = root
Fri, 03/05/2019 12:35:00 - database-password = ***
Fri, 03/05/2019 12:35:00 - webserver-url = http://localhost:8080
Fri, 03/05/2019 12:35:00 - 
Fri, 03/05/2019 12:35:00 - Genie Search API
Fri, 03/05/2019 12:35:00 - 
Fri, 03/05/2019 12:35:02 - Entity_id: 871329 Slicing...
Fri, 03/05/2019 12:35:02 - 
Fri, 03/05/2019 12:35:02 - Genie Search API
Fri, 03/05/2019 12:35:02 - 
Fri, 03/05/2019 12:35:02 - Arquivo de configuração: C:/GitHub/genie-search-api/target/test-classes/geniesearchapi.properties
Fri, 03/05/2019 12:35:02 - 
Fri, 03/05/2019 12:35:02 - input-repo = D:\Sourcerer_portable\repositories\test_repo
Fri, 03/05/2019 12:35:02 - database-url = jdbc:mysql://localhost:3306/test_repo
Fri, 03/05/2019 12:35:02 - database-user = root
Fri, 03/05/2019 12:35:02 - database-password = ***
Fri, 03/05/2019 12:35:02 - webserver-url = http://localhost:8080
Fri, 03/05/2019 12:35:02 - 
Fri, 03/05/2019 12:35:02 - Genie Search API
Fri, 03/05/2019 12:35:02 - 
Fri, 03/05/2019 12:35:05 - Entity_id: 869186 Generating compiled jar...
Fri, 03/05/2019 12:35:05 - Entity_id: 869186 Slicing...
Fri, 03/05/2019 12:35:05 - Entity_id: 869186 Extracting sliced zip file...
Fri, 03/05/2019 12:35:05 - Entity_id: 869186 Generating Build.xml...
Fri, 03/05/2019 12:35:07 - 
Fri, 03/05/2019 12:35:07 - Genie Search API
Fri, 03/05/2019 12:35:07 - 
Fri, 03/05/2019 12:35:07 - Arquivo de configuração: C:/GitHub/genie-search-api/target/test-classes/geniesearchapi.properties
Fri, 03/05/2019 12:35:07 - 
Fri, 03/05/2019 12:35:07 - input-repo = D:\Sourcerer_portable\repositories\test_repo
Fri, 03/05/2019 12:35:07 - database-url = jdbc:mysql://localhost:3306/test_repo
Fri, 03/05/2019 12:35:07 - database-user = root
Fri, 03/05/2019 12:35:07 - database-password = ***
Fri, 03/05/2019 12:35:07 - webserver-url = http://localhost:8080
Fri, 03/05/2019 12:35:07 - 
Fri, 03/05/2019 12:35:07 - Genie Search API
Fri, 03/05/2019 12:35:07 - 
Fri, 03/05/2019 12:35:09 - Entity_id: 871329 Executing method...
Fri, 03/05/2019 12:35:09 - Executing Method: public static long com.eteks.sweethome3d.model.Camera.convertTimeToTimeZone(long,java.lang.String)
Fri, 03/05/2019 12:35:09 - With values: 25
Fri, 03/05/2019 12:35:09 - Result = 25
Fri, 03/05/2019 12:35:09 - 
