Fri, 12/04/2019 10:48:17 - Genie Search API
Fri, 12/04/2019 10:48:17 - 
Fri, 12/04/2019 10:48:17 - /C:/GitHub/genie-search-api/target/test-classes/geniesearchapi.properties
Fri, 12/04/2019 10:48:17 - 
Fri, 12/04/2019 10:48:17 - input-repo = D:\Sourcerer_portable\repositories\sf_110
Fri, 12/04/2019 10:48:17 - database-url = jdbc:mysql://localhost:3306/sf_110
Fri, 12/04/2019 10:48:17 - database-user = root
Fri, 12/04/2019 10:48:17 - database-password = ***
Fri, 12/04/2019 10:48:17 - webserver-url = http://localhost:8080
Fri, 12/04/2019 10:48:17 - 
Fri, 12/04/2019 10:48:17 - Genie Search API
Fri, 12/04/2019 10:48:17 - 
Fri, 12/04/2019 10:49:36 - Genie Search API
Fri, 12/04/2019 10:49:36 - 
Fri, 12/04/2019 10:49:36 - /C:/GitHub/genie-search-api/target/test-classes/geniesearchapi.properties
Fri, 12/04/2019 10:49:36 - 
Fri, 12/04/2019 10:49:36 - input-repo = D:\Sourcerer_portable\repositories\sf_110
Fri, 12/04/2019 10:49:36 - database-url = jdbc:mysql://localhost:3306/sf_110
Fri, 12/04/2019 10:49:36 - database-user = root
Fri, 12/04/2019 10:49:36 - database-password = ***
Fri, 12/04/2019 10:49:36 - webserver-url = http://localhost:8080
Fri, 12/04/2019 10:49:36 - 
Fri, 12/04/2019 10:49:36 - Genie Search API
Fri, 12/04/2019 10:49:36 - 
Fri, 12/04/2019 10:49:49 - Genie Search API
Fri, 12/04/2019 10:49:49 - 
Fri, 12/04/2019 10:49:49 - /C:/GitHub/genie-search-api/target/test-classes/geniesearchapi.properties
Fri, 12/04/2019 10:49:49 - 
Fri, 12/04/2019 10:49:49 - input-repo = D:\Sourcerer_portable\repositories\sf_110
Fri, 12/04/2019 10:49:49 - database-url = jdbc:mysql://localhost:3306/sf_110
Fri, 12/04/2019 10:49:49 - database-user = root
Fri, 12/04/2019 10:49:49 - database-password = ***
Fri, 12/04/2019 10:49:49 - webserver-url = http://localhost:8080
Fri, 12/04/2019 10:49:49 - 
Fri, 12/04/2019 10:49:49 - Genie Search API
Fri, 12/04/2019 10:49:49 - 
Fri, 12/04/2019 10:50:10 - Genie Search API
Fri, 12/04/2019 10:50:10 - 
Fri, 12/04/2019 10:50:10 - /C:/GitHub/genie-search-api/target/test-classes/geniesearchapi.properties
Fri, 12/04/2019 10:50:10 - 
Fri, 12/04/2019 10:50:10 - input-repo = D:\Sourcerer_portable\repositories\sf_110
Fri, 12/04/2019 10:50:10 - database-url = jdbc:mysql://localhost:3306/sf_110
Fri, 12/04/2019 10:50:10 - database-user = root
Fri, 12/04/2019 10:50:10 - database-password = ***
Fri, 12/04/2019 10:50:10 - webserver-url = http://localhost:8080
Fri, 12/04/2019 10:50:10 - 
Fri, 12/04/2019 10:50:10 - Genie Search API
Fri, 12/04/2019 10:50:10 - 
Fri, 12/04/2019 10:50:26 - Genie Search API
Fri, 12/04/2019 10:50:26 - 
Fri, 12/04/2019 10:50:26 - /C:/GitHub/genie-search-api/target/test-classes/geniesearchapi.properties
Fri, 12/04/2019 10:50:26 - 
Fri, 12/04/2019 10:50:26 - input-repo = D:\Sourcerer_portable\repositories\sf_110
Fri, 12/04/2019 10:50:26 - database-url = jdbc:mysql://localhost:3306/sf_110
Fri, 12/04/2019 10:50:26 - database-user = root
Fri, 12/04/2019 10:50:26 - database-password = ***
Fri, 12/04/2019 10:50:26 - webserver-url = http://localhost:8080
Fri, 12/04/2019 10:50:26 - 
Fri, 12/04/2019 10:50:26 - Genie Search API
Fri, 12/04/2019 10:50:26 - 
Fri, 12/04/2019 10:50:50 - Genie Search API
Fri, 12/04/2019 10:50:50 - 
Fri, 12/04/2019 10:50:50 - /C:/GitHub/genie-search-api/target/test-classes/geniesearchapi.properties
Fri, 12/04/2019 10:50:50 - 
Fri, 12/04/2019 10:50:50 - input-repo = D:\Sourcerer_portable\repositories\sf_110
Fri, 12/04/2019 10:50:50 - database-url = jdbc:mysql://localhost:3306/sf_110
Fri, 12/04/2019 10:50:50 - database-user = root
Fri, 12/04/2019 10:50:50 - database-password = ***
Fri, 12/04/2019 10:50:50 - webserver-url = http://localhost:8080
Fri, 12/04/2019 10:50:50 - 
Fri, 12/04/2019 10:50:50 - Genie Search API
Fri, 12/04/2019 10:50:50 - 
Fri, 12/04/2019 10:51:02 - Genie Search API
Fri, 12/04/2019 10:51:02 - 
Fri, 12/04/2019 10:51:02 - /C:/GitHub/genie-search-api/target/test-classes/geniesearchapi.properties
Fri, 12/04/2019 10:51:02 - 
Fri, 12/04/2019 10:51:02 - input-repo = D:\Sourcerer_portable\repositories\sf_110
Fri, 12/04/2019 10:51:02 - database-url = jdbc:mysql://localhost:3306/sf_110
Fri, 12/04/2019 10:51:02 - database-user = root
Fri, 12/04/2019 10:51:02 - database-password = ***
Fri, 12/04/2019 10:51:02 - webserver-url = http://localhost:8080
Fri, 12/04/2019 10:51:02 - 
Fri, 12/04/2019 10:51:02 - Genie Search API
Fri, 12/04/2019 10:51:02 - 
Fri, 12/04/2019 10:51:11 - Genie Search API
Fri, 12/04/2019 10:51:11 - 
Fri, 12/04/2019 10:51:11 - /C:/GitHub/genie-search-api/target/test-classes/geniesearchapi.properties
Fri, 12/04/2019 10:51:11 - 
Fri, 12/04/2019 10:51:11 - input-repo = D:\Sourcerer_portable\repositories\sf_110
Fri, 12/04/2019 10:51:11 - database-url = jdbc:mysql://localhost:3306/sf_110
Fri, 12/04/2019 10:51:11 - database-user = root
Fri, 12/04/2019 10:51:11 - database-password = ***
Fri, 12/04/2019 10:51:11 - webserver-url = http://localhost:8080
Fri, 12/04/2019 10:51:11 - 
Fri, 12/04/2019 10:51:11 - Genie Search API
Fri, 12/04/2019 10:51:11 - 
Fri, 12/04/2019 10:51:28 - Genie Search API
Fri, 12/04/2019 10:51:28 - 
Fri, 12/04/2019 10:51:28 - /C:/GitHub/genie-search-api/target/test-classes/geniesearchapi.properties
Fri, 12/04/2019 10:51:28 - 
Fri, 12/04/2019 10:51:28 - input-repo = D:\Sourcerer_portable\repositories\sf_110
Fri, 12/04/2019 10:51:28 - database-url = jdbc:mysql://localhost:3306/sf_110
Fri, 12/04/2019 10:51:28 - database-user = root
Fri, 12/04/2019 10:51:28 - database-password = ***
Fri, 12/04/2019 10:51:28 - webserver-url = http://localhost:8080
Fri, 12/04/2019 10:51:28 - 
Fri, 12/04/2019 10:51:28 - Genie Search API
Fri, 12/04/2019 10:51:28 - 
Fri, 12/04/2019 10:51:38 - Genie Search API
Fri, 12/04/2019 10:51:38 - 
Fri, 12/04/2019 10:51:38 - /C:/GitHub/genie-search-api/target/test-classes/geniesearchapi.properties
Fri, 12/04/2019 10:51:38 - 
Fri, 12/04/2019 10:51:38 - input-repo = D:\Sourcerer_portable\repositories\sf_110
Fri, 12/04/2019 10:51:38 - database-url = jdbc:mysql://localhost:3306/sf_110
Fri, 12/04/2019 10:51:38 - database-user = root
Fri, 12/04/2019 10:51:38 - database-password = ***
Fri, 12/04/2019 10:51:38 - webserver-url = http://localhost:8080
Fri, 12/04/2019 10:51:38 - 
Fri, 12/04/2019 10:51:38 - Genie Search API
Fri, 12/04/2019 10:51:38 - 
Fri, 12/04/2019 10:51:48 - Genie Search API
Fri, 12/04/2019 10:51:48 - 
Fri, 12/04/2019 10:51:48 - /C:/GitHub/genie-search-api/target/test-classes/geniesearchapi.properties
Fri, 12/04/2019 10:51:48 - 
Fri, 12/04/2019 10:51:48 - input-repo = D:\Sourcerer_portable\repositories\sf_110
Fri, 12/04/2019 10:51:48 - database-url = jdbc:mysql://localhost:3306/sf_110
Fri, 12/04/2019 10:51:48 - database-user = root
Fri, 12/04/2019 10:51:48 - database-password = ***
Fri, 12/04/2019 10:51:48 - webserver-url = http://localhost:8080
Fri, 12/04/2019 10:51:48 - 
Fri, 12/04/2019 10:51:48 - Genie Search API
Fri, 12/04/2019 10:51:48 - 
Fri, 12/04/2019 10:51:59 - Genie Search API
Fri, 12/04/2019 10:51:59 - 
Fri, 12/04/2019 10:51:59 - /C:/GitHub/genie-search-api/target/test-classes/geniesearchapi.properties
Fri, 12/04/2019 10:51:59 - 
Fri, 12/04/2019 10:51:59 - input-repo = D:\Sourcerer_portable\repositories\sf_110
Fri, 12/04/2019 10:51:59 - database-url = jdbc:mysql://localhost:3306/sf_110
Fri, 12/04/2019 10:51:59 - database-user = root
Fri, 12/04/2019 10:51:59 - database-password = ***
Fri, 12/04/2019 10:51:59 - webserver-url = http://localhost:8080
Fri, 12/04/2019 10:51:59 - 
Fri, 12/04/2019 10:51:59 - Genie Search API
Fri, 12/04/2019 10:51:59 - 
Fri, 12/04/2019 10:52:27 - Genie Search API
Fri, 12/04/2019 10:52:27 - 
Fri, 12/04/2019 10:52:27 - /C:/GitHub/genie-search-api/target/test-classes/geniesearchapi.properties
Fri, 12/04/2019 10:52:27 - 
Fri, 12/04/2019 10:52:27 - input-repo = D:\Sourcerer_portable\repositories\sf_110
Fri, 12/04/2019 10:52:27 - database-url = jdbc:mysql://localhost:3306/sf_110
Fri, 12/04/2019 10:52:27 - database-user = root
Fri, 12/04/2019 10:52:27 - database-password = ***
Fri, 12/04/2019 10:52:27 - webserver-url = http://localhost:8080
Fri, 12/04/2019 10:52:27 - 
Fri, 12/04/2019 10:52:27 - Genie Search API
Fri, 12/04/2019 10:52:27 - 
Fri, 12/04/2019 10:54:54 - Genie Search API
Fri, 12/04/2019 10:54:54 - 
Fri, 12/04/2019 10:54:54 - /C:/GitHub/genie-search-api/target/test-classes/geniesearchapi.properties
Fri, 12/04/2019 10:54:54 - 
Fri, 12/04/2019 10:54:54 - input-repo = D:\Sourcerer_portable\repositories\sf_110
Fri, 12/04/2019 10:54:54 - database-url = jdbc:mysql://localhost:3306/sf_110
Fri, 12/04/2019 10:54:54 - database-user = root
Fri, 12/04/2019 10:54:54 - database-password = ***
Fri, 12/04/2019 10:54:54 - webserver-url = http://localhost:8080
Fri, 12/04/2019 10:54:54 - 
Fri, 12/04/2019 10:54:54 - Genie Search API
Fri, 12/04/2019 10:54:54 - 
Fri, 12/04/2019 10:55:18 - Genie Search API
Fri, 12/04/2019 10:55:18 - 
Fri, 12/04/2019 10:55:18 - /C:/GitHub/genie-search-api/target/test-classes/geniesearchapi.properties
Fri, 12/04/2019 10:55:18 - 
Fri, 12/04/2019 10:55:18 - input-repo = D:\Sourcerer_portable\repositories\sf_110
Fri, 12/04/2019 10:55:18 - database-url = jdbc:mysql://localhost:3306/sf_110
Fri, 12/04/2019 10:55:18 - database-user = root
Fri, 12/04/2019 10:55:18 - database-password = ***
Fri, 12/04/2019 10:55:18 - webserver-url = http://localhost:8080
Fri, 12/04/2019 10:55:18 - 
Fri, 12/04/2019 10:55:18 - Genie Search API
Fri, 12/04/2019 10:55:18 - 
Fri, 12/04/2019 10:55:40 - Genie Search API
Fri, 12/04/2019 10:55:40 - 
Fri, 12/04/2019 10:55:40 - /C:/GitHub/genie-search-api/target/test-classes/geniesearchapi.properties
Fri, 12/04/2019 10:55:40 - 
Fri, 12/04/2019 10:55:40 - input-repo = D:\Sourcerer_portable\repositories\sf_110
Fri, 12/04/2019 10:55:40 - database-url = jdbc:mysql://localhost:3306/sf_110
Fri, 12/04/2019 10:55:40 - database-user = root
Fri, 12/04/2019 10:55:40 - database-password = ***
Fri, 12/04/2019 10:55:40 - webserver-url = http://localhost:8080
Fri, 12/04/2019 10:55:40 - 
Fri, 12/04/2019 10:55:40 - Genie Search API
Fri, 12/04/2019 10:55:40 - 
